<?xml version="1.0" encoding="UTF-8"?>
<coverage generated="1703059978590" clover="3.2.0">
  <project timestamp="1703059978590" name="All files">
    <metrics statements="78" coveredstatements="61" conditionals="16" coveredconditionals="6" methods="17" coveredmethods="7" elements="111" coveredelements="74" complexity="0" loc="78" ncloc="78" packages="6" files="8" classes="8"/>
    <package name="Accordion">
      <metrics statements="4" coveredstatements="4" conditionals="0" coveredconditionals="0" methods="1" coveredmethods="1"/>
      <file name="index.tsx" path="D:\Pelatihan\Synrgy Project\latihan\Challenge_7\frontendts\src\components\Accordion\index.tsx">
        <metrics statements="4" coveredstatements="4" conditionals="0" coveredconditionals="0" methods="1" coveredmethods="1"/>
        <line num="1" count="1" type="stmt"/>
        <line num="2" count="1" type="stmt"/>
        <line num="5" count="1" type="stmt"/>
        <line num="81" count="1" type="stmt"/>
      </file>
    </package>
    <package name="Button">
      <metrics statements="14" coveredstatements="12" conditionals="4" coveredconditionals="2" methods="3" coveredmethods="2"/>
      <file name="index.tsx" path="D:\Pelatihan\Synrgy Project\latihan\Challenge_7\frontendts\src\components\Button\index.tsx">
        <metrics statements="10" coveredstatements="8" conditionals="4" coveredconditionals="2" methods="2" coveredmethods="1"/>
        <line num="1" count="3" type="stmt"/>
        <line num="2" count="3" type="stmt"/>
        <line num="5" count="3" type="stmt"/>
        <line num="15" count="7" type="cond" truecount="2" falsecount="2"/>
        <line num="17" count="5" type="stmt"/>
        <line num="29" count="2" type="stmt"/>
        <line num="47" count="0" type="stmt"/>
        <line num="60" count="0" type="stmt"/>
        <line num="79" count="3" type="stmt"/>
        <line num="89" count="3" type="stmt"/>
      </file>
      <file name="style.ts" path="D:\Pelatihan\Synrgy Project\latihan\Challenge_7\frontendts\src\components\Button\style.ts">
        <metrics statements="4" coveredstatements="4" conditionals="0" coveredconditionals="0" methods="1" coveredmethods="1"/>
        <line num="1" count="3" type="stmt"/>
        <line num="4" count="3" type="stmt"/>
        <line num="11" count="3" type="stmt"/>
        <line num="12" count="7" type="stmt"/>
      </file>
    </package>
    <package name="Cards">
      <metrics statements="7" coveredstatements="7" conditionals="0" coveredconditionals="0" methods="0" coveredmethods="0"/>
      <file name="style.ts" path="D:\Pelatihan\Synrgy Project\latihan\Challenge_7\frontendts\src\components\Cards\style.ts">
        <metrics statements="7" coveredstatements="7" conditionals="0" coveredconditionals="0" methods="0" coveredmethods="0"/>
        <line num="1" count="2" type="stmt"/>
        <line num="3" count="2" type="stmt"/>
        <line num="11" count="2" type="stmt"/>
        <line num="17" count="2" type="stmt"/>
        <line num="23" count="2" type="stmt"/>
        <line num="27" count="2" type="stmt"/>
        <line num="37" count="2" type="stmt"/>
      </file>
    </package>
    <package name="Cards.CarsAdmin">
      <metrics statements="24" coveredstatements="15" conditionals="5" coveredconditionals="1" methods="8" coveredmethods="1"/>
      <file name="index.tsx" path="D:\Pelatihan\Synrgy Project\latihan\Challenge_7\frontendts\src\components\Cards\CarsAdmin\index.tsx">
        <metrics statements="24" coveredstatements="15" conditionals="5" coveredconditionals="1" methods="8" coveredmethods="1"/>
        <line num="1" count="1" type="stmt"/>
        <line num="3" count="1" type="stmt"/>
        <line num="4" count="1" type="stmt"/>
        <line num="5" count="1" type="stmt"/>
        <line num="6" count="1" type="stmt"/>
        <line num="7" count="1" type="stmt"/>
        <line num="8" count="1" type="stmt"/>
        <line num="10" count="1" type="stmt"/>
        <line num="11" count="1" type="stmt"/>
        <line num="15" count="2" type="stmt"/>
        <line num="16" count="2" type="stmt"/>
        <line num="18" count="2" type="stmt"/>
        <line num="19" count="0" type="stmt"/>
        <line num="22" count="2" type="stmt"/>
        <line num="23" count="0" type="stmt"/>
        <line num="34" count="0" type="cond" truecount="0" falsecount="1"/>
        <line num="35" count="0" type="stmt"/>
        <line num="37" count="0" type="stmt"/>
        <line num="43" count="0" type="cond" truecount="0" falsecount="2"/>
        <line num="53" count="0" type="stmt"/>
        <line num="60" count="2" type="stmt"/>
        <line num="125" count="0" type="stmt"/>
        <line num="130" count="0" type="stmt"/>
        <line num="140" count="1" type="stmt"/>
      </file>
    </package>
    <package name="Cards.CarsMain">
      <metrics statements="13" coveredstatements="11" conditionals="0" coveredconditionals="0" methods="3" coveredmethods="1"/>
      <file name="index.tsx" path="D:\Pelatihan\Synrgy Project\latihan\Challenge_7\frontendts\src\components\Cards\CarsMain\index.tsx">
        <metrics statements="13" coveredstatements="11" conditionals="0" coveredconditionals="0" methods="3" coveredmethods="1"/>
        <line num="1" count="1" type="stmt"/>
        <line num="2" count="1" type="stmt"/>
        <line num="3" count="1" type="stmt"/>
        <line num="4" count="1" type="stmt"/>
        <line num="5" count="1" type="stmt"/>
        <line num="6" count="1" type="stmt"/>
        <line num="7" count="1" type="stmt"/>
        <line num="19" count="1" type="stmt"/>
        <line num="20" count="1" type="stmt"/>
        <line num="21" count="0" type="stmt"/>
        <line num="24" count="1" type="stmt"/>
        <line num="141" count="0" type="stmt"/>
        <line num="147" count="1" type="stmt"/>
      </file>
    </package>
    <package name="Text">
      <metrics statements="16" coveredstatements="12" conditionals="7" coveredconditionals="3" methods="2" coveredmethods="2"/>
      <file name="index.tsx" path="D:\Pelatihan\Synrgy Project\latihan\Challenge_7\frontendts\src\components\Text\index.tsx">
        <metrics statements="12" coveredstatements="8" conditionals="7" coveredconditionals="3" methods="1" coveredmethods="1"/>
        <line num="1" count="3" type="stmt"/>
        <line num="4" count="3" type="stmt"/>
        <line num="13" count="16" type="cond" truecount="3" falsecount="4"/>
        <line num="15" count="12" type="stmt"/>
        <line num="21" count="1" type="stmt"/>
        <line num="35" count="3" type="stmt"/>
        <line num="49" count="0" type="stmt"/>
        <line num="63" count="0" type="stmt"/>
        <line num="77" count="0" type="stmt"/>
        <line num="91" count="0" type="stmt"/>
        <line num="107" count="3" type="stmt"/>
        <line num="116" count="3" type="stmt"/>
      </file>
      <file name="style.ts" path="D:\Pelatihan\Synrgy Project\latihan\Challenge_7\frontendts\src\components\Text\style.ts">
        <metrics statements="4" coveredstatements="4" conditionals="0" coveredconditionals="0" methods="1" coveredmethods="1"/>
        <line num="1" count="3" type="stmt"/>
        <line num="4" count="3" type="stmt"/>
        <line num="10" count="3" type="stmt"/>
        <line num="17" count="16" type="stmt"/>
      </file>
    </package>
  </project>
</coverage>
