{"D:\\Pelatihan\\Synrgy Project\\latihan\\Challenge_7\\frontendts\\src\\components\\Accordion\\index.tsx": {"path":"D:\\Pelatihan\\Synrgy Project\\latihan\\Challenge_7\\frontendts\\src\\components\\Accordion\\index.tsx","statementMap":{"0":{"start":{"line":1,"column":0},"end":{"line":1,"column":50}},"1":{"start":{"line":2,"column":0},"end":{"line":2,"column":27}},"2":{"start":{"line":5,"column":1},"end":{"line":78,"column":3}},"3":{"start":{"line":81,"column":0},"end":{"line":81,"column":31}}},"fnMap":{"0":{"name":"AccordionCustom","decl":{"start":{"line":4,"column":9},"end":{"line":4,"column":24}},"loc":{"start":{"line":4,"column":24},"end":{"line":79,"column":1}}}},"branchMap":{},"s":{"0":2,"1":2,"2":2,"3":2},"f":{"0":2},"b":{}}
,"D:\\Pelatihan\\Synrgy Project\\latihan\\Challenge_7\\frontendts\\src\\components\\Breadcrumb\\index.tsx": {"path":"D:\\Pelatihan\\Synrgy Project\\latihan\\Challenge_7\\frontendts\\src\\components\\Breadcrumb\\index.tsx","statementMap":{"0":{"start":{"line":1,"column":0},"end":{"line":1,"column":52}},"1":{"start":{"line":5,"column":1},"end":{"line":23,"column":3}},"2":{"start":{"line":8,"column":4},"end":{"line":20,"column":5}},"3":{"start":{"line":9,"column":5},"end":{"line":13,"column":7}},"4":{"start":{"line":15,"column":5},"end":{"line":19,"column":7}},"5":{"start":{"line":26,"column":0},"end":{"line":28,"column":2}},"6":{"start":{"line":30,"column":0},"end":{"line":30,"column":32}}},"fnMap":{"0":{"name":"CustomBreadcrumb","decl":{"start":{"line":4,"column":9},"end":{"line":4,"column":25}},"loc":{"start":{"line":4,"column":46},"end":{"line":24,"column":1}}},"1":{"name":"(anonymous_2)","decl":{"start":{"line":7,"column":14},"end":{"line":7,"column":15}},"loc":{"start":{"line":7,"column":38},"end":{"line":21,"column":4}}}},"branchMap":{"0":{"loc":{"start":{"line":8,"column":4},"end":{"line":20,"column":5}},"type":"if","locations":[{"start":{"line":8,"column":4},"end":{"line":20,"column":5}},{"start":{"line":14,"column":11},"end":{"line":20,"column":5}}]}},"s":{"0":1,"1":1,"2":3,"3":1,"4":2,"5":1,"6":1},"f":{"0":1,"1":3},"b":{"0":[1,2]}}
,"D:\\Pelatihan\\Synrgy Project\\latihan\\Challenge_7\\frontendts\\src\\components\\Button\\index.tsx": {"path":"D:\\Pelatihan\\Synrgy Project\\latihan\\Challenge_7\\frontendts\\src\\components\\Button\\index.tsx","statementMap":{"0":{"start":{"line":1,"column":0},"end":{"line":1,"column":44}},"1":{"start":{"line":2,"column":0},"end":{"line":2,"column":36}},"2":{"start":{"line":5,"column":18},"end":{"line":77,"column":1}},"3":{"start":{"line":15,"column":1},"end":{"line":76,"column":2}},"4":{"start":{"line":17,"column":2},"end":{"line":27,"column":4}},"5":{"start":{"line":29,"column":2},"end":{"line":44,"column":4}},"6":{"start":{"line":47,"column":2},"end":{"line":57,"column":4}},"7":{"start":{"line":60,"column":2},"end":{"line":75,"column":4}},"8":{"start":{"line":79,"column":0},"end":{"line":87,"column":2}},"9":{"start":{"line":89,"column":0},"end":{"line":89,"column":25}}},"fnMap":{"0":{"name":"(anonymous_1)","decl":{"start":{"line":5,"column":18},"end":{"line":5,"column":19}},"loc":{"start":{"line":14,"column":18},"end":{"line":77,"column":1}}},"1":{"name":"(anonymous_2)","decl":{"start":{"line":84,"column":10},"end":{"line":84,"column":13}},"loc":{"start":{"line":84,"column":15},"end":{"line":84,"column":18}}}},"branchMap":{"0":{"loc":{"start":{"line":15,"column":1},"end":{"line":76,"column":2}},"type":"switch","locations":[{"start":{"line":16,"column":1},"end":{"line":27,"column":4}},{"start":{"line":28,"column":1},"end":{"line":44,"column":4}},{"start":{"line":46,"column":1},"end":{"line":57,"column":4}},{"start":{"line":59,"column":1},"end":{"line":75,"column":4}}]}},"s":{"0":4,"1":4,"2":4,"3":8,"4":6,"5":2,"6":0,"7":0,"8":4,"9":4},"f":{"0":8,"1":0},"b":{"0":[6,2,0,0]}}
,"D:\\Pelatihan\\Synrgy Project\\latihan\\Challenge_7\\frontendts\\src\\components\\Button\\style.ts": {"path":"D:\\Pelatihan\\Synrgy Project\\latihan\\Challenge_7\\frontendts\\src\\components\\Button\\style.ts","statementMap":{"0":{"start":{"line":1,"column":0},"end":{"line":1,"column":35}},"1":{"start":{"line":4,"column":36},"end":{"line":9,"column":2}},"2":{"start":{"line":11,"column":25},"end":{"line":23,"column":3}},"3":{"start":{"line":12,"column":1},"end":{"line":23,"column":3}},"4":{"start":{"line":11,"column":13},"end":{"line":11,"column":25}}},"fnMap":{"0":{"name":"(anonymous_0)","decl":{"start":{"line":11,"column":25},"end":{"line":11,"column":26}},"loc":{"start":{"line":12,"column":1},"end":{"line":23,"column":3}}}},"branchMap":{},"s":{"0":4,"1":4,"2":4,"3":8,"4":4},"f":{"0":8},"b":{}}
,"D:\\Pelatihan\\Synrgy Project\\latihan\\Challenge_7\\frontendts\\src\\components\\Cards\\style.ts": {"path":"D:\\Pelatihan\\Synrgy Project\\latihan\\Challenge_7\\frontendts\\src\\components\\Cards\\style.ts","statementMap":{"0":{"start":{"line":1,"column":0},"end":{"line":1,"column":35}},"1":{"start":{"line":3,"column":13},"end":{"line":9,"column":3}},"2":{"start":{"line":11,"column":13},"end":{"line":15,"column":3}},"3":{"start":{"line":17,"column":13},"end":{"line":21,"column":3}},"4":{"start":{"line":23,"column":13},"end":{"line":25,"column":3}},"5":{"start":{"line":27,"column":13},"end":{"line":35,"column":3}},"6":{"start":{"line":37,"column":13},"end":{"line":43,"column":3}}},"fnMap":{},"branchMap":{},"s":{"0":3,"1":3,"2":3,"3":3,"4":3,"5":3,"6":3},"f":{},"b":{}}
,"D:\\Pelatihan\\Synrgy Project\\latihan\\Challenge_7\\frontendts\\src\\components\\Cards\\CarsAdmin\\index.tsx": {"path":"D:\\Pelatihan\\Synrgy Project\\latihan\\Challenge_7\\frontendts\\src\\components\\Cards\\CarsAdmin\\index.tsx","statementMap":{"0":{"start":{"line":1,"column":0},"end":{"line":1,"column":47}},"1":{"start":{"line":3,"column":0},"end":{"line":3,"column":40}},"2":{"start":{"line":4,"column":0},"end":{"line":4,"column":38}},"3":{"start":{"line":5,"column":0},"end":{"line":5,"column":38}},"4":{"start":{"line":6,"column":0},"end":{"line":6,"column":46}},"5":{"start":{"line":7,"column":0},"end":{"line":7,"column":30}},"6":{"start":{"line":8,"column":0},"end":{"line":8,"column":34}},"7":{"start":{"line":10,"column":0},"end":{"line":10,"column":31}},"8":{"start":{"line":11,"column":0},"end":{"line":11,"column":57}},"9":{"start":{"line":15,"column":18},"end":{"line":15,"column":31}},"10":{"start":{"line":16,"column":15},"end":{"line":16,"column":44}},"11":{"start":{"line":18,"column":45},"end":{"line":20,"column":2}},"12":{"start":{"line":19,"column":2},"end":{"line":19,"column":37}},"13":{"start":{"line":22,"column":46},"end":{"line":59,"column":2}},"14":{"start":{"line":23,"column":2},"end":{"line":58,"column":6}},"15":{"start":{"line":34,"column":4},"end":{"line":57,"column":5}},"16":{"start":{"line":35,"column":17},"end":{"line":35,"column":51}},"17":{"start":{"line":37,"column":5},"end":{"line":56,"column":8}},"18":{"start":{"line":43,"column":6},"end":{"line":55,"column":30}},"19":{"start":{"line":53,"column":9},"end":{"line":53,"column":21}},"20":{"start":{"line":60,"column":1},"end":{"line":137,"column":3}},"21":{"start":{"line":125,"column":54},"end":{"line":125,"column":72}},"22":{"start":{"line":130,"column":54},"end":{"line":130,"column":71}},"23":{"start":{"line":140,"column":0},"end":{"line":140,"column":24}}},"fnMap":{"0":{"name":"CardCars","decl":{"start":{"line":14,"column":9},"end":{"line":14,"column":17}},"loc":{"start":{"line":14,"column":77},"end":{"line":138,"column":1}}},"1":{"name":"(anonymous_2)","decl":{"start":{"line":18,"column":45},"end":{"line":18,"column":46}},"loc":{"start":{"line":18,"column":52},"end":{"line":20,"column":2}}},"2":{"name":"(anonymous_3)","decl":{"start":{"line":22,"column":46},"end":{"line":22,"column":47}},"loc":{"start":{"line":22,"column":53},"end":{"line":59,"column":2}}},"3":{"name":"(anonymous_4)","decl":{"start":{"line":33,"column":9},"end":{"line":33,"column":10}},"loc":{"start":{"line":33,"column":20},"end":{"line":58,"column":4}}},"4":{"name":"(anonymous_5)","decl":{"start":{"line":42,"column":13},"end":{"line":42,"column":14}},"loc":{"start":{"line":42,"column":21},"end":{"line":56,"column":6}}},"5":{"name":"(anonymous_6)","decl":{"start":{"line":52,"column":14},"end":{"line":52,"column":17}},"loc":{"start":{"line":52,"column":19},"end":{"line":54,"column":9}}},"6":{"name":"(anonymous_7)","decl":{"start":{"line":125,"column":48},"end":{"line":125,"column":51}},"loc":{"start":{"line":125,"column":54},"end":{"line":125,"column":72}}},"7":{"name":"(anonymous_8)","decl":{"start":{"line":130,"column":48},"end":{"line":130,"column":51}},"loc":{"start":{"line":130,"column":54},"end":{"line":130,"column":71}}}},"branchMap":{"0":{"loc":{"start":{"line":34,"column":4},"end":{"line":57,"column":5}},"type":"if","locations":[{"start":{"line":34,"column":4},"end":{"line":57,"column":5}}]},"1":{"loc":{"start":{"line":43,"column":6},"end":{"line":55,"column":29}},"type":"cond-expr","locations":[{"start":{"line":44,"column":9},"end":{"line":54,"column":10}},{"start":{"line":55,"column":9},"end":{"line":55,"column":29}}]},"2":{"loc":{"start":{"line":65,"column":5},"end":{"line":67,"column":46}},"type":"cond-expr","locations":[{"start":{"line":66,"column":8},"end":{"line":66,"column":13}},{"start":{"line":67,"column":8},"end":{"line":67,"column":46}}]}},"s":{"0":1,"1":1,"2":1,"3":1,"4":1,"5":1,"6":1,"7":1,"8":1,"9":2,"10":2,"11":2,"12":0,"13":2,"14":0,"15":0,"16":0,"17":0,"18":0,"19":0,"20":2,"21":0,"22":0,"23":1},"f":{"0":2,"1":0,"2":0,"3":0,"4":0,"5":0,"6":0,"7":0},"b":{"0":[0],"1":[0,0],"2":[2,0]}}
,"D:\\Pelatihan\\Synrgy Project\\latihan\\Challenge_7\\frontendts\\src\\components\\Cards\\CarsMain\\index.tsx": {"path":"D:\\Pelatihan\\Synrgy Project\\latihan\\Challenge_7\\frontendts\\src\\components\\Cards\\CarsMain\\index.tsx","statementMap":{"0":{"start":{"line":1,"column":0},"end":{"line":1,"column":47}},"1":{"start":{"line":2,"column":0},"end":{"line":2,"column":40}},"2":{"start":{"line":3,"column":0},"end":{"line":3,"column":38}},"3":{"start":{"line":4,"column":0},"end":{"line":4,"column":38}},"4":{"start":{"line":5,"column":0},"end":{"line":5,"column":30}},"5":{"start":{"line":6,"column":0},"end":{"line":6,"column":34}},"6":{"start":{"line":7,"column":0},"end":{"line":7,"column":46}},"7":{"start":{"line":19,"column":18},"end":{"line":19,"column":31}},"8":{"start":{"line":20,"column":45},"end":{"line":22,"column":2}},"9":{"start":{"line":21,"column":2},"end":{"line":21,"column":29}},"10":{"start":{"line":24,"column":1},"end":{"line":144,"column":3}},"11":{"start":{"line":141,"column":27},"end":{"line":141,"column":44}},"12":{"start":{"line":147,"column":0},"end":{"line":147,"column":30}}},"fnMap":{"0":{"name":"CardCarsSearch","decl":{"start":{"line":10,"column":9},"end":{"line":10,"column":23}},"loc":{"start":{"line":18,"column":16},"end":{"line":145,"column":1}}},"1":{"name":"(anonymous_2)","decl":{"start":{"line":20,"column":45},"end":{"line":20,"column":46}},"loc":{"start":{"line":20,"column":52},"end":{"line":22,"column":2}}},"2":{"name":"(anonymous_3)","decl":{"start":{"line":141,"column":21},"end":{"line":141,"column":24}},"loc":{"start":{"line":141,"column":27},"end":{"line":141,"column":44}}}},"branchMap":{},"s":{"0":1,"1":1,"2":1,"3":1,"4":1,"5":1,"6":1,"7":1,"8":1,"9":0,"10":1,"11":0,"12":1},"f":{"0":1,"1":0,"2":0},"b":{}}
,"D:\\Pelatihan\\Synrgy Project\\latihan\\Challenge_7\\frontendts\\src\\components\\Cards\\Why\\index.tsx": {"path":"D:\\Pelatihan\\Synrgy Project\\latihan\\Challenge_7\\frontendts\\src\\components\\Cards\\Why\\index.tsx","statementMap":{"0":{"start":{"line":1,"column":0},"end":{"line":1,"column":40}},"1":{"start":{"line":2,"column":0},"end":{"line":2,"column":30}},"2":{"start":{"line":3,"column":0},"end":{"line":3,"column":53}},"3":{"start":{"line":7,"column":1},"end":{"line":7,"column":34}},"4":{"start":{"line":8,"column":1},"end":{"line":16,"column":3}},"5":{"start":{"line":19,"column":0},"end":{"line":19,"column":23}}},"fnMap":{"0":{"name":"CardWhy","decl":{"start":{"line":6,"column":9},"end":{"line":6,"column":16}},"loc":{"start":{"line":6,"column":49},"end":{"line":17,"column":1}}}},"branchMap":{},"s":{"0":1,"1":1,"2":1,"3":1,"4":1,"5":1},"f":{"0":1},"b":{}}
,"D:\\Pelatihan\\Synrgy Project\\latihan\\Challenge_7\\frontendts\\src\\components\\Carousel\\index.tsx": {"path":"D:\\Pelatihan\\Synrgy Project\\latihan\\Challenge_7\\frontendts\\src\\components\\Carousel\\index.tsx","statementMap":{"0":{"start":{"line":1,"column":0},"end":{"line":1,"column":48}},"1":{"start":{"line":2,"column":0},"end":{"line":2,"column":null}},"2":{"start":{"line":8,"column":0},"end":{"line":8,"column":27}},"3":{"start":{"line":11,"column":1},"end":{"line":65,"column":3}},"4":{"start":{"line":68,"column":0},"end":{"line":68,"column":30}}},"fnMap":{"0":{"name":"CarouselCustom","decl":{"start":{"line":10,"column":9},"end":{"line":10,"column":23}},"loc":{"start":{"line":10,"column":23},"end":{"line":66,"column":1}}}},"branchMap":{},"s":{"0":1,"1":1,"2":1,"3":1,"4":1},"f":{"0":1},"b":{}}
,"D:\\Pelatihan\\Synrgy Project\\latihan\\Challenge_7\\frontendts\\src\\components\\Carousel\\style.ts": {"path":"D:\\Pelatihan\\Synrgy Project\\latihan\\Challenge_7\\frontendts\\src\\components\\Carousel\\style.ts","statementMap":{"0":{"start":{"line":1,"column":0},"end":{"line":1,"column":35}},"1":{"start":{"line":3,"column":13},"end":{"line":11,"column":3}},"2":{"start":{"line":13,"column":13},"end":{"line":29,"column":3}},"3":{"start":{"line":31,"column":13},"end":{"line":33,"column":3}},"4":{"start":{"line":35,"column":13},"end":{"line":40,"column":3}}},"fnMap":{},"branchMap":{},"s":{"0":1,"1":1,"2":1,"3":1,"4":1},"f":{},"b":{}}
,"D:\\Pelatihan\\Synrgy Project\\latihan\\Challenge_7\\frontendts\\src\\components\\Cta\\index.tsx": {"path":"D:\\Pelatihan\\Synrgy Project\\latihan\\Challenge_7\\frontendts\\src\\components\\Cta\\index.tsx","statementMap":{"0":{"start":{"line":1,"column":0},"end":{"line":1,"column":47}},"1":{"start":{"line":2,"column":0},"end":{"line":2,"column":31}},"2":{"start":{"line":3,"column":0},"end":{"line":3,"column":27}},"3":{"start":{"line":4,"column":0},"end":{"line":4,"column":53}},"4":{"start":{"line":6,"column":12},"end":{"line":28,"column":1}},"5":{"start":{"line":7,"column":18},"end":{"line":7,"column":31}},"6":{"start":{"line":8,"column":34},"end":{"line":10,"column":2}},"7":{"start":{"line":9,"column":2},"end":{"line":9,"column":22}},"8":{"start":{"line":12,"column":1},"end":{"line":27,"column":3}},"9":{"start":{"line":30,"column":0},"end":{"line":30,"column":19}}},"fnMap":{"0":{"name":"(anonymous_1)","decl":{"start":{"line":6,"column":12},"end":{"line":6,"column":15}},"loc":{"start":{"line":6,"column":17},"end":{"line":28,"column":1}}},"1":{"name":"(anonymous_2)","decl":{"start":{"line":8,"column":34},"end":{"line":8,"column":37}},"loc":{"start":{"line":8,"column":39},"end":{"line":10,"column":2}}}},"branchMap":{},"s":{"0":1,"1":1,"2":1,"3":1,"4":1,"5":1,"6":1,"7":0,"8":1,"9":1},"f":{"0":1,"1":0},"b":{}}
,"D:\\Pelatihan\\Synrgy Project\\latihan\\Challenge_7\\frontendts\\src\\components\\Cta\\style.ts": {"path":"D:\\Pelatihan\\Synrgy Project\\latihan\\Challenge_7\\frontendts\\src\\components\\Cta\\style.ts","statementMap":{"0":{"start":{"line":1,"column":0},"end":{"line":1,"column":35}},"1":{"start":{"line":3,"column":13},"end":{"line":13,"column":3}},"2":{"start":{"line":15,"column":13},"end":{"line":18,"column":3}},"3":{"start":{"line":20,"column":13},"end":{"line":23,"column":3}}},"fnMap":{},"branchMap":{},"s":{"0":1,"1":1,"2":1,"3":1},"f":{},"b":{}}
,"D:\\Pelatihan\\Synrgy Project\\latihan\\Challenge_7\\frontendts\\src\\components\\Faq\\index.tsx": {"path":"D:\\Pelatihan\\Synrgy Project\\latihan\\Challenge_7\\frontendts\\src\\components\\Faq\\index.tsx","statementMap":{"0":{"start":{"line":1,"column":0},"end":{"line":1,"column":50}},"1":{"start":{"line":2,"column":0},"end":{"line":2,"column":27}},"2":{"start":{"line":3,"column":0},"end":{"line":3,"column":37}},"3":{"start":{"line":5,"column":12},"end":{"line":21,"column":1}},"4":{"start":{"line":6,"column":1},"end":{"line":20,"column":3}},"5":{"start":{"line":23,"column":0},"end":{"line":23,"column":19}}},"fnMap":{"0":{"name":"(anonymous_1)","decl":{"start":{"line":5,"column":12},"end":{"line":5,"column":15}},"loc":{"start":{"line":5,"column":17},"end":{"line":21,"column":1}}}},"branchMap":{},"s":{"0":1,"1":1,"2":1,"3":1,"4":1,"5":1},"f":{"0":1},"b":{}}
,"D:\\Pelatihan\\Synrgy Project\\latihan\\Challenge_7\\frontendts\\src\\components\\Footer\\index.tsx": {"path":"D:\\Pelatihan\\Synrgy Project\\latihan\\Challenge_7\\frontendts\\src\\components\\Footer\\index.tsx","statementMap":{"0":{"start":{"line":1,"column":0},"end":{"line":1,"column":27}},"1":{"start":{"line":2,"column":0},"end":{"line":2,"column":27}},"2":{"start":{"line":3,"column":0},"end":{"line":3,"column":58}},"3":{"start":{"line":5,"column":15},"end":{"line":144,"column":1}},"4":{"start":{"line":6,"column":1},"end":{"line":143,"column":3}},"5":{"start":{"line":146,"column":0},"end":{"line":146,"column":22}}},"fnMap":{"0":{"name":"(anonymous_1)","decl":{"start":{"line":5,"column":15},"end":{"line":5,"column":18}},"loc":{"start":{"line":5,"column":20},"end":{"line":144,"column":1}}}},"branchMap":{},"s":{"0":1,"1":1,"2":1,"3":1,"4":1,"5":1},"f":{"0":1},"b":{}}
,"D:\\Pelatihan\\Synrgy Project\\latihan\\Challenge_7\\frontendts\\src\\components\\Footer\\style.ts": {"path":"D:\\Pelatihan\\Synrgy Project\\latihan\\Challenge_7\\frontendts\\src\\components\\Footer\\style.ts","statementMap":{"0":{"start":{"line":1,"column":0},"end":{"line":1,"column":35}},"1":{"start":{"line":3,"column":13},"end":{"line":7,"column":3}},"2":{"start":{"line":8,"column":13},"end":{"line":16,"column":3}},"3":{"start":{"line":18,"column":13},"end":{"line":22,"column":3}},"4":{"start":{"line":24,"column":13},"end":{"line":28,"column":3}}},"fnMap":{},"branchMap":{},"s":{"0":1,"1":1,"2":1,"3":1,"4":1},"f":{},"b":{}}
,"D:\\Pelatihan\\Synrgy Project\\latihan\\Challenge_7\\frontendts\\src\\components\\Logo\\index.tsx": {"path":"D:\\Pelatihan\\Synrgy Project\\latihan\\Challenge_7\\frontendts\\src\\components\\Logo\\index.tsx","statementMap":{"0":{"start":{"line":1,"column":0},"end":{"line":1,"column":20}},"1":{"start":{"line":2,"column":0},"end":{"line":2,"column":51}},"2":{"start":{"line":5,"column":13},"end":{"line":12,"column":1}},"3":{"start":{"line":6,"column":1},"end":{"line":11,"column":2}},"4":{"start":{"line":8,"column":2},"end":{"line":8,"column":48}},"5":{"start":{"line":10,"column":2},"end":{"line":10,"column":46}},"6":{"start":{"line":14,"column":0},"end":{"line":17,"column":2}},"7":{"start":{"line":19,"column":0},"end":{"line":19,"column":20}}},"fnMap":{"0":{"name":"(anonymous_0)","decl":{"start":{"line":5,"column":13},"end":{"line":5,"column":14}},"loc":{"start":{"line":5,"column":47},"end":{"line":12,"column":1}}}},"branchMap":{"0":{"loc":{"start":{"line":6,"column":1},"end":{"line":11,"column":2}},"type":"switch","locations":[{"start":{"line":7,"column":1},"end":{"line":8,"column":48}},{"start":{"line":9,"column":1},"end":{"line":10,"column":46}}]}},"s":{"0":1,"1":1,"2":1,"3":1,"4":1,"5":0,"6":1,"7":1},"f":{"0":1},"b":{"0":[1,0]}}
,"D:\\Pelatihan\\Synrgy Project\\latihan\\Challenge_7\\frontendts\\src\\components\\Logo\\style.ts": {"path":"D:\\Pelatihan\\Synrgy Project\\latihan\\Challenge_7\\frontendts\\src\\components\\Logo\\style.ts","statementMap":{"0":{"start":{"line":1,"column":0},"end":{"line":1,"column":35}},"1":{"start":{"line":3,"column":23},"end":{"line":9,"column":3}},"2":{"start":{"line":4,"column":1},"end":{"line":9,"column":3}},"3":{"start":{"line":3,"column":13},"end":{"line":3,"column":23}},"4":{"start":{"line":11,"column":13},"end":{"line":15,"column":3}}},"fnMap":{"0":{"name":"(anonymous_0)","decl":{"start":{"line":3,"column":23},"end":{"line":3,"column":24}},"loc":{"start":{"line":4,"column":1},"end":{"line":9,"column":3}}}},"branchMap":{},"s":{"0":1,"1":1,"2":1,"3":1,"4":1},"f":{"0":1},"b":{}}
,"D:\\Pelatihan\\Synrgy Project\\latihan\\Challenge_7\\frontendts\\src\\components\\Text\\index.tsx": {"path":"D:\\Pelatihan\\Synrgy Project\\latihan\\Challenge_7\\frontendts\\src\\components\\Text\\index.tsx","statementMap":{"0":{"start":{"line":1,"column":0},"end":{"line":1,"column":38}},"1":{"start":{"line":4,"column":13},"end":{"line":105,"column":1}},"2":{"start":{"line":13,"column":1},"end":{"line":104,"column":2}},"3":{"start":{"line":15,"column":2},"end":{"line":19,"column":4}},"4":{"start":{"line":21,"column":2},"end":{"line":33,"column":4}},"5":{"start":{"line":35,"column":2},"end":{"line":47,"column":4}},"6":{"start":{"line":49,"column":2},"end":{"line":61,"column":4}},"7":{"start":{"line":63,"column":2},"end":{"line":75,"column":4}},"8":{"start":{"line":77,"column":2},"end":{"line":89,"column":4}},"9":{"start":{"line":91,"column":2},"end":{"line":103,"column":4}},"10":{"start":{"line":107,"column":0},"end":{"line":114,"column":2}},"11":{"start":{"line":116,"column":0},"end":{"line":116,"column":20}}},"fnMap":{"0":{"name":"(anonymous_0)","decl":{"start":{"line":4,"column":13},"end":{"line":4,"column":14}},"loc":{"start":{"line":12,"column":16},"end":{"line":105,"column":1}}}},"branchMap":{"0":{"loc":{"start":{"line":13,"column":1},"end":{"line":104,"column":2}},"type":"switch","locations":[{"start":{"line":14,"column":1},"end":{"line":19,"column":4}},{"start":{"line":20,"column":1},"end":{"line":33,"column":4}},{"start":{"line":34,"column":1},"end":{"line":47,"column":4}},{"start":{"line":48,"column":1},"end":{"line":61,"column":4}},{"start":{"line":62,"column":1},"end":{"line":75,"column":4}},{"start":{"line":76,"column":1},"end":{"line":89,"column":4}},{"start":{"line":90,"column":1},"end":{"line":103,"column":4}}]}},"s":{"0":8,"1":8,"2":42,"3":27,"4":8,"5":4,"6":1,"7":0,"8":1,"9":1,"10":8,"11":8},"f":{"0":42},"b":{"0":[27,8,4,1,0,1,1]}}
,"D:\\Pelatihan\\Synrgy Project\\latihan\\Challenge_7\\frontendts\\src\\components\\Text\\style.ts": {"path":"D:\\Pelatihan\\Synrgy Project\\latihan\\Challenge_7\\frontendts\\src\\components\\Text\\style.ts","statementMap":{"0":{"start":{"line":1,"column":0},"end":{"line":1,"column":35}},"1":{"start":{"line":4,"column":37},"end":{"line":8,"column":2}},"2":{"start":{"line":10,"column":27},"end":{"line":23,"column":3}},"3":{"start":{"line":17,"column":1},"end":{"line":23,"column":3}},"4":{"start":{"line":10,"column":13},"end":{"line":10,"column":27}}},"fnMap":{"0":{"name":"(anonymous_0)","decl":{"start":{"line":10,"column":27},"end":{"line":10,"column":28}},"loc":{"start":{"line":17,"column":1},"end":{"line":23,"column":3}}}},"branchMap":{},"s":{"0":8,"1":8,"2":8,"3":42,"4":8},"f":{"0":42},"b":{}}
}
