TN:
SF:src\components\Accordion\index.tsx
FN:4,AccordionCustom
FNF:1
FNH:1
FNDA:2,AccordionCustom
DA:1,2
DA:2,2
DA:5,2
DA:81,2
LF:4
LH:4
BRF:0
BRH:0
end_of_record
TN:
SF:src\components\Breadcrumb\index.tsx
FN:4,CustomBreadcrumb
FN:7,(anonymous_2)
FNF:2
FNH:2
FNDA:1,CustomBreadcrumb
FNDA:3,(anonymous_2)
DA:1,1
DA:5,1
DA:8,3
DA:9,1
DA:15,2
DA:26,1
DA:30,1
LF:7
LH:7
BRDA:8,0,0,1
BRDA:8,0,1,2
BRF:2
BRH:2
end_of_record
TN:
SF:src\components\Button\index.tsx
FN:5,(anonymous_1)
FN:84,(anonymous_2)
FNF:2
FNH:1
FNDA:8,(anonymous_1)
FNDA:0,(anonymous_2)
DA:1,4
DA:2,4
DA:5,4
DA:15,8
DA:17,6
DA:29,2
DA:47,0
DA:60,0
DA:79,4
DA:89,4
LF:10
LH:8
BRDA:15,0,0,6
BRDA:15,0,1,2
BRDA:15,0,2,0
BRDA:15,0,3,0
BRF:4
BRH:2
end_of_record
TN:
SF:src\components\Button\style.ts
FN:11,(anonymous_0)
FNF:1
FNH:1
FNDA:8,(anonymous_0)
DA:1,4
DA:4,4
DA:11,4
DA:12,8
LF:4
LH:4
BRF:0
BRH:0
end_of_record
TN:
SF:src\components\Cards\style.ts
FNF:0
FNH:0
DA:1,3
DA:3,3
DA:11,3
DA:17,3
DA:23,3
DA:27,3
DA:37,3
LF:7
LH:7
BRF:0
BRH:0
end_of_record
TN:
SF:src\components\Cards\CarsAdmin\index.tsx
FN:14,CardCars
FN:18,(anonymous_2)
FN:22,(anonymous_3)
FN:33,(anonymous_4)
FN:42,(anonymous_5)
FN:52,(anonymous_6)
FN:125,(anonymous_7)
FN:130,(anonymous_8)
FNF:8
FNH:1
FNDA:2,CardCars
FNDA:0,(anonymous_2)
FNDA:0,(anonymous_3)
FNDA:0,(anonymous_4)
FNDA:0,(anonymous_5)
FNDA:0,(anonymous_6)
FNDA:0,(anonymous_7)
FNDA:0,(anonymous_8)
DA:1,1
DA:3,1
DA:4,1
DA:5,1
DA:6,1
DA:7,1
DA:8,1
DA:10,1
DA:11,1
DA:15,2
DA:16,2
DA:18,2
DA:19,0
DA:22,2
DA:23,0
DA:34,0
DA:35,0
DA:37,0
DA:43,0
DA:53,0
DA:60,2
DA:125,0
DA:130,0
DA:140,1
LF:24
LH:15
BRDA:34,0,0,0
BRDA:43,1,0,0
BRDA:43,1,1,0
BRDA:65,2,0,2
BRDA:65,2,1,0
BRF:5
BRH:1
end_of_record
TN:
SF:src\components\Cards\CarsMain\index.tsx
FN:10,CardCarsSearch
FN:20,(anonymous_2)
FN:141,(anonymous_3)
FNF:3
FNH:1
FNDA:1,CardCarsSearch
FNDA:0,(anonymous_2)
FNDA:0,(anonymous_3)
DA:1,1
DA:2,1
DA:3,1
DA:4,1
DA:5,1
DA:6,1
DA:7,1
DA:19,1
DA:20,1
DA:21,0
DA:24,1
DA:141,0
DA:147,1
LF:13
LH:11
BRF:0
BRH:0
end_of_record
TN:
SF:src\components\Cards\Why\index.tsx
FN:6,CardWhy
FNF:1
FNH:1
FNDA:1,CardWhy
DA:1,1
DA:2,1
DA:3,1
DA:7,1
DA:8,1
DA:19,1
LF:6
LH:6
BRF:0
BRH:0
end_of_record
TN:
SF:src\components\Carousel\index.tsx
FN:10,CarouselCustom
FNF:1
FNH:1
FNDA:1,CarouselCustom
DA:1,1
DA:2,1
DA:8,1
DA:11,1
DA:68,1
LF:5
LH:5
BRF:0
BRH:0
end_of_record
TN:
SF:src\components\Carousel\style.ts
FNF:0
FNH:0
DA:1,1
DA:3,1
DA:13,1
DA:31,1
DA:35,1
LF:5
LH:5
BRF:0
BRH:0
end_of_record
TN:
SF:src\components\Cta\index.tsx
FN:6,(anonymous_1)
FN:8,(anonymous_2)
FNF:2
FNH:1
FNDA:1,(anonymous_1)
FNDA:0,(anonymous_2)
DA:1,1
DA:2,1
DA:3,1
DA:4,1
DA:6,1
DA:7,1
DA:8,1
DA:9,0
DA:12,1
DA:30,1
LF:10
LH:9
BRF:0
BRH:0
end_of_record
TN:
SF:src\components\Cta\style.ts
FNF:0
FNH:0
DA:1,1
DA:3,1
DA:15,1
DA:20,1
LF:4
LH:4
BRF:0
BRH:0
end_of_record
TN:
SF:src\components\Faq\index.tsx
FN:5,(anonymous_1)
FNF:1
FNH:1
FNDA:1,(anonymous_1)
DA:1,1
DA:2,1
DA:3,1
DA:5,1
DA:6,1
DA:23,1
LF:6
LH:6
BRF:0
BRH:0
end_of_record
TN:
SF:src\components\Footer\index.tsx
FN:5,(anonymous_1)
FNF:1
FNH:1
FNDA:1,(anonymous_1)
DA:1,1
DA:2,1
DA:3,1
DA:5,1
DA:6,1
DA:146,1
LF:6
LH:6
BRF:0
BRH:0
end_of_record
TN:
SF:src\components\Footer\style.ts
FNF:0
FNH:0
DA:1,1
DA:3,1
DA:8,1
DA:18,1
DA:24,1
LF:5
LH:5
BRF:0
BRH:0
end_of_record
TN:
SF:src\components\Logo\index.tsx
FN:5,(anonymous_0)
FNF:1
FNH:1
FNDA:1,(anonymous_0)
DA:1,1
DA:2,1
DA:5,1
DA:6,1
DA:8,1
DA:10,0
DA:14,1
DA:19,1
LF:8
LH:7
BRDA:6,0,0,1
BRDA:6,0,1,0
BRF:2
BRH:1
end_of_record
TN:
SF:src\components\Logo\style.ts
FN:3,(anonymous_0)
FNF:1
FNH:1
FNDA:1,(anonymous_0)
DA:1,1
DA:3,1
DA:4,1
DA:11,1
LF:4
LH:4
BRF:0
BRH:0
end_of_record
TN:
SF:src\components\Text\index.tsx
FN:4,(anonymous_0)
FNF:1
FNH:1
FNDA:42,(anonymous_0)
DA:1,8
DA:4,8
DA:13,42
DA:15,27
DA:21,8
DA:35,4
DA:49,1
DA:63,0
DA:77,1
DA:91,1
DA:107,8
DA:116,8
LF:12
LH:11
BRDA:13,0,0,27
BRDA:13,0,1,8
BRDA:13,0,2,4
BRDA:13,0,3,1
BRDA:13,0,4,0
BRDA:13,0,5,1
BRDA:13,0,6,1
BRF:7
BRH:6
end_of_record
TN:
SF:src\components\Text\style.ts
FN:10,(anonymous_0)
FNF:1
FNH:1
FNDA:42,(anonymous_0)
DA:1,8
DA:4,8
DA:10,8
DA:17,42
LF:4
LH:4
BRF:0
BRH:0
end_of_record
