{"D:\\Pelatihan\\Synrgy Project\\latihan\\Challenge_7\\API\\app.ts": {"path":"D:\\Pelatihan\\Synrgy Project\\latihan\\Challenge_7\\API\\app.ts","statementMap":{"0":{"start":{"line":1,"column":0},"end":{"line":1,"column":43}},"1":{"start":{"line":2,"column":0},"end":{"line":2,"column":24}},"2":{"start":{"line":3,"column":0},"end":{"line":3,"column":34}},"3":{"start":{"line":5,"column":13},"end":{"line":5,"column":28}},"4":{"start":{"line":6,"column":13},"end":{"line":6,"column":30}},"5":{"start":{"line":7,"column":18},"end":{"line":7,"column":47}},"6":{"start":{"line":9,"column":18},"end":{"line":9,"column":51}},"7":{"start":{"line":10,"column":29},"end":{"line":10,"column":73}},"8":{"start":{"line":11,"column":19},"end":{"line":11,"column":53}},"9":{"start":{"line":12,"column":19},"end":{"line":12,"column":53}},"10":{"start":{"line":14,"column":24},"end":{"line":14,"column":49}},"11":{"start":{"line":15,"column":21},"end":{"line":23,"column":2}},"12":{"start":{"line":25,"column":0},"end":{"line":25,"column":25}},"13":{"start":{"line":27,"column":13},"end":{"line":27,"column":38}},"14":{"start":{"line":30,"column":0},"end":{"line":30,"column":48}},"15":{"start":{"line":31,"column":0},"end":{"line":31,"column":24}},"16":{"start":{"line":32,"column":0},"end":{"line":32,"column":16}},"17":{"start":{"line":35,"column":0},"end":{"line":39,"column":2}},"18":{"start":{"line":40,"column":0},"end":{"line":40,"column":28}},"19":{"start":{"line":41,"column":0},"end":{"line":41,"column":39}},"20":{"start":{"line":42,"column":0},"end":{"line":42,"column":31}},"21":{"start":{"line":43,"column":0},"end":{"line":43,"column":29}},"22":{"start":{"line":55,"column":0},"end":{"line":55,"column":21}}},"fnMap":{},"branchMap":{},"s":{"0":8,"1":8,"2":8,"3":8,"4":8,"5":8,"6":8,"7":8,"8":8,"9":8,"10":8,"11":8,"12":8,"13":8,"14":8,"15":8,"16":8,"17":8,"18":8,"19":8,"20":8,"21":8,"22":8},"f":{},"b":{}}
,"D:\\Pelatihan\\Synrgy Project\\latihan\\Challenge_7\\API\\src\\controllers\\authenticationController.ts": {"path":"D:\\Pelatihan\\Synrgy Project\\latihan\\Challenge_7\\API\\src\\controllers\\authenticationController.ts","statementMap":{"0":{"start":{"line":3,"column":0},"end":{"line":3,"column":31}},"1":{"start":{"line":4,"column":24},"end":{"line":4,"column":65}},"2":{"start":{"line":5,"column":22},"end":{"line":5,"column":61}},"3":{"start":{"line":6,"column":15},"end":{"line":6,"column":49}},"4":{"start":{"line":8,"column":0},"end":{"line":8,"column":52}},"5":{"start":{"line":9,"column":0},"end":{"line":9,"column":58}},"6":{"start":{"line":10,"column":0},"end":{"line":10,"column":50}},"7":{"start":{"line":19,"column":20},"end":{"line":21,"column":1}},"8":{"start":{"line":20,"column":1},"end":{"line":20,"column":66}},"9":{"start":{"line":23,"column":15},"end":{"line":65,"column":2}},"10":{"start":{"line":23,"column":53},"end":{"line":65,"column":2}},"11":{"start":{"line":24,"column":15},"end":{"line":24,"column":50}},"12":{"start":{"line":25,"column":18},"end":{"line":25,"column":41}},"13":{"start":{"line":28,"column":14},"end":{"line":28,"column":59}},"14":{"start":{"line":29,"column":1},"end":{"line":33,"column":null}},"15":{"start":{"line":30,"column":2},"end":{"line":32,"column":5}},"16":{"start":{"line":36,"column":27},"end":{"line":36,"column":71}},"17":{"start":{"line":37,"column":1},"end":{"line":41,"column":null}},"18":{"start":{"line":38,"column":2},"end":{"line":40,"column":5}},"19":{"start":{"line":43,"column":14},"end":{"line":43,"column":35}},"20":{"start":{"line":45,"column":15},"end":{"line":49,"column":3}},"21":{"start":{"line":51,"column":17},"end":{"line":51,"column":62}},"22":{"start":{"line":53,"column":1},"end":{"line":60,"column":null}},"23":{"start":{"line":54,"column":19},"end":{"line":54,"column":31}},"24":{"start":{"line":55,"column":2},"end":{"line":59,"column":5}},"25":{"start":{"line":61,"column":1},"end":{"line":64,"column":4}},"26":{"start":{"line":67,"column":15},"end":{"line":101,"column":2}},"27":{"start":{"line":67,"column":53},"end":{"line":101,"column":2}},"28":{"start":{"line":68,"column":15},"end":{"line":68,"column":29}},"29":{"start":{"line":69,"column":18},"end":{"line":69,"column":41}},"30":{"start":{"line":70,"column":27},"end":{"line":70,"column":58}},"31":{"start":{"line":73,"column":17},"end":{"line":73,"column":62}},"32":{"start":{"line":74,"column":1},"end":{"line":78,"column":null}},"33":{"start":{"line":75,"column":2},"end":{"line":77,"column":5}},"34":{"start":{"line":81,"column":1},"end":{"line":100,"column":null}},"35":{"start":{"line":82,"column":21},"end":{"line":85,"column":4}},"36":{"start":{"line":86,"column":17},"end":{"line":86,"column":38}},"37":{"start":{"line":88,"column":2},"end":{"line":97,"column":null}},"38":{"start":{"line":89,"column":26},"end":{"line":89,"column":66}},"39":{"start":{"line":90,"column":3},"end":{"line":94,"column":null}},"40":{"start":{"line":91,"column":4},"end":{"line":94,"column":7}},"41":{"start":{"line":96,"column":3},"end":{"line":96,"column":40}},"42":{"start":{"line":99,"column":2},"end":{"line":99,"column":39}},"43":{"start":{"line":103,"column":0},"end":{"line":103,"column":36}}},"fnMap":{"0":{"name":"(anonymous_8)","decl":{"start":{"line":19,"column":20},"end":{"line":19,"column":21}},"loc":{"start":{"line":19,"column":45},"end":{"line":21,"column":1}}},"1":{"name":"(anonymous_9)","decl":{"start":{"line":23,"column":15},"end":{"line":23,"column":22}},"loc":{"start":{"line":23,"column":53},"end":{"line":65,"column":2}}},"2":{"name":"(anonymous_10)","decl":{"start":{"line":23,"column":53},"end":{"line":23,"column":null}},"loc":{"start":{"line":23,"column":53},"end":{"line":65,"column":1}}},"3":{"name":"(anonymous_11)","decl":{"start":{"line":67,"column":15},"end":{"line":67,"column":22}},"loc":{"start":{"line":67,"column":53},"end":{"line":101,"column":2}}},"4":{"name":"(anonymous_12)","decl":{"start":{"line":67,"column":53},"end":{"line":67,"column":null}},"loc":{"start":{"line":67,"column":53},"end":{"line":101,"column":1}}}},"branchMap":{"0":{"loc":{"start":{"line":20,"column":26},"end":{"line":20,"column":64}},"type":"binary-expr","locations":[{"start":{"line":20,"column":26},"end":{"line":20,"column":51}},{"start":{"line":20,"column":55},"end":{"line":20,"column":64}}]},"1":{"loc":{"start":{"line":25,"column":18},"end":{"line":25,"column":41}},"type":"binary-expr","locations":[{"start":{"line":25,"column":18},"end":{"line":25,"column":35}},{"start":{"line":25,"column":39},"end":{"line":25,"column":41}}]},"2":{"loc":{"start":{"line":29,"column":1},"end":{"line":33,"column":null}},"type":"if","locations":[{"start":{"line":29,"column":1},"end":{"line":33,"column":null}}]},"3":{"loc":{"start":{"line":37,"column":1},"end":{"line":41,"column":null}},"type":"if","locations":[{"start":{"line":37,"column":1},"end":{"line":41,"column":null}}]},"4":{"loc":{"start":{"line":53,"column":1},"end":{"line":60,"column":null}},"type":"if","locations":[{"start":{"line":53,"column":1},"end":{"line":60,"column":null}}]},"5":{"loc":{"start":{"line":69,"column":18},"end":{"line":69,"column":41}},"type":"binary-expr","locations":[{"start":{"line":69,"column":18},"end":{"line":69,"column":35}},{"start":{"line":69,"column":39},"end":{"line":69,"column":41}}]},"6":{"loc":{"start":{"line":74,"column":1},"end":{"line":78,"column":null}},"type":"if","locations":[{"start":{"line":74,"column":1},"end":{"line":78,"column":null}}]},"7":{"loc":{"start":{"line":90,"column":3},"end":{"line":94,"column":null}},"type":"if","locations":[{"start":{"line":90,"column":3},"end":{"line":94,"column":null}}]}},"s":{"0":8,"1":8,"2":8,"3":8,"4":8,"5":8,"6":8,"7":8,"8":6,"9":8,"10":8,"11":8,"12":8,"13":8,"14":8,"15":1,"16":7,"17":7,"18":1,"19":6,"20":6,"21":6,"22":6,"23":6,"24":6,"25":0,"26":8,"27":2,"28":2,"29":2,"30":2,"31":2,"32":2,"33":1,"34":1,"35":1,"36":1,"37":1,"38":1,"39":1,"40":1,"41":0,"42":0,"43":8},"f":{"0":6,"1":8,"2":8,"3":2,"4":2},"b":{"0":[6,6],"1":[8,0],"2":[1],"3":[1],"4":[6],"5":[2,0],"6":[1],"7":[1]}}
,"D:\\Pelatihan\\Synrgy Project\\latihan\\Challenge_7\\API\\src\\controllers\\carController.ts": {"path":"D:\\Pelatihan\\Synrgy Project\\latihan\\Challenge_7\\API\\src\\controllers\\carController.ts","statementMap":{"0":{"start":{"line":3,"column":0},"end":{"line":3,"column":47}},"1":{"start":{"line":4,"column":0},"end":{"line":4,"column":48}},"2":{"start":{"line":5,"column":0},"end":{"line":5,"column":54}},"3":{"start":{"line":6,"column":0},"end":{"line":6,"column":56}},"4":{"start":{"line":7,"column":0},"end":{"line":7,"column":50}},"5":{"start":{"line":10,"column":12},"end":{"line":19,"column":2}},"6":{"start":{"line":10,"column":50},"end":{"line":19,"column":2}},"7":{"start":{"line":11,"column":1},"end":{"line":18,"column":null}},"8":{"start":{"line":12,"column":18},"end":{"line":12,"column":49}},"9":{"start":{"line":13,"column":19},"end":{"line":13,"column":51}},"10":{"start":{"line":14,"column":18},"end":{"line":14,"column":53}},"11":{"start":{"line":15,"column":2},"end":{"line":15,"column":62}},"12":{"start":{"line":17,"column":2},"end":{"line":17,"column":68}},"13":{"start":{"line":21,"column":20},"end":{"line":29,"column":2}},"14":{"start":{"line":21,"column":58},"end":{"line":29,"column":2}},"15":{"start":{"line":22,"column":1},"end":{"line":28,"column":null}},"16":{"start":{"line":23,"column":18},"end":{"line":23,"column":54}},"17":{"start":{"line":24,"column":2},"end":{"line":24,"column":43}},"18":{"start":{"line":26,"column":2},"end":{"line":26,"column":55}},"19":{"start":{"line":27,"column":2},"end":{"line":27,"column":21}},"20":{"start":{"line":32,"column":16},"end":{"line":44,"column":2}},"21":{"start":{"line":32,"column":54},"end":{"line":44,"column":2}},"22":{"start":{"line":33,"column":12},"end":{"line":33,"column":33}},"23":{"start":{"line":35,"column":1},"end":{"line":43,"column":null}},"24":{"start":{"line":36,"column":21},"end":{"line":36,"column":55}},"25":{"start":{"line":37,"column":2},"end":{"line":40,"column":null}},"26":{"start":{"line":38,"column":15},"end":{"line":38,"column":53}},"27":{"start":{"line":39,"column":3},"end":{"line":39,"column":52}},"28":{"start":{"line":42,"column":2},"end":{"line":42,"column":78}},"29":{"start":{"line":46,"column":21},"end":{"line":60,"column":2}},"30":{"start":{"line":46,"column":59},"end":{"line":60,"column":2}},"31":{"start":{"line":47,"column":12},"end":{"line":47,"column":33}},"32":{"start":{"line":48,"column":1},"end":{"line":48,"column":28}},"33":{"start":{"line":49,"column":1},"end":{"line":59,"column":null}},"34":{"start":{"line":50,"column":21},"end":{"line":50,"column":60}},"35":{"start":{"line":51,"column":2},"end":{"line":56,"column":null}},"36":{"start":{"line":52,"column":15},"end":{"line":52,"column":53}},"37":{"start":{"line":53,"column":3},"end":{"line":53,"column":52}},"38":{"start":{"line":55,"column":3},"end":{"line":55,"column":79}},"39":{"start":{"line":58,"column":2},"end":{"line":58,"column":78}},"40":{"start":{"line":62,"column":18},"end":{"line":65,"column":2}},"41":{"start":{"line":62,"column":56},"end":{"line":65,"column":2}},"42":{"start":{"line":63,"column":18},"end":{"line":63,"column":52}},"43":{"start":{"line":64,"column":1},"end":{"line":64,"column":62}},"44":{"start":{"line":68,"column":13},"end":{"line":90,"column":2}},"45":{"start":{"line":68,"column":51},"end":{"line":90,"column":2}},"46":{"start":{"line":69,"column":1},"end":{"line":69,"column":28}},"47":{"start":{"line":70,"column":22},"end":{"line":70,"column":30}},"48":{"start":{"line":71,"column":21},"end":{"line":71,"column":41}},"49":{"start":{"line":72,"column":15},"end":{"line":72,"column":29}},"50":{"start":{"line":73,"column":16},"end":{"line":73,"column":34}},"51":{"start":{"line":76,"column":15},"end":{"line":76,"column":92}},"52":{"start":{"line":77,"column":1},"end":{"line":89,"column":null}},"53":{"start":{"line":78,"column":18},"end":{"line":78,"column":69}},"54":{"start":{"line":79,"column":16},"end":{"line":79,"column":34}},"55":{"start":{"line":80,"column":2},"end":{"line":80,"column":21}},"56":{"start":{"line":81,"column":21},"end":{"line":81,"column":75}},"57":{"start":{"line":82,"column":2},"end":{"line":86,"column":null}},"58":{"start":{"line":83,"column":3},"end":{"line":85,"column":6}},"59":{"start":{"line":88,"column":2},"end":{"line":88,"column":39}},"60":{"start":{"line":92,"column":12},"end":{"line":157,"column":2}},"61":{"start":{"line":92,"column":50},"end":{"line":157,"column":2}},"62":{"start":{"line":93,"column":1},"end":{"line":93,"column":20}},"63":{"start":{"line":94,"column":18},"end":{"line":94,"column":28}},"64":{"start":{"line":95,"column":12},"end":{"line":95,"column":31}},"65":{"start":{"line":97,"column":22},"end":{"line":97,"column":30}},"66":{"start":{"line":98,"column":16},"end":{"line":98,"column":34}},"67":{"start":{"line":101,"column":20},"end":{"line":101,"column":54}},"68":{"start":{"line":102,"column":14},"end":{"line":102,"column":27}},"69":{"start":{"line":104,"column":19},"end":{"line":104,"column":35}},"70":{"start":{"line":105,"column":13},"end":{"line":105,"column":23}},"71":{"start":{"line":106,"column":12},"end":{"line":106,"column":29}},"72":{"start":{"line":107,"column":12},"end":{"line":107,"column":21}},"73":{"start":{"line":108,"column":13},"end":{"line":108,"column":23}},"74":{"start":{"line":109,"column":19},"end":{"line":109,"column":35}},"75":{"start":{"line":110,"column":19},"end":{"line":110,"column":36}},"76":{"start":{"line":111,"column":17},"end":{"line":111,"column":31}},"77":{"start":{"line":112,"column":16},"end":{"line":112,"column":29}},"78":{"start":{"line":113,"column":14},"end":{"line":113,"column":25}},"79":{"start":{"line":114,"column":20},"end":{"line":114,"column":37}},"80":{"start":{"line":117,"column":1},"end":{"line":117,"column":60}},"81":{"start":{"line":117,"column":26},"end":{"line":117,"column":60}},"82":{"start":{"line":118,"column":1},"end":{"line":118,"column":42}},"83":{"start":{"line":118,"column":20},"end":{"line":118,"column":42}},"84":{"start":{"line":119,"column":1},"end":{"line":119,"column":39}},"85":{"start":{"line":119,"column":19},"end":{"line":119,"column":39}},"86":{"start":{"line":120,"column":1},"end":{"line":120,"column":39}},"87":{"start":{"line":120,"column":19},"end":{"line":120,"column":39}},"88":{"start":{"line":121,"column":1},"end":{"line":121,"column":60}},"89":{"start":{"line":121,"column":26},"end":{"line":121,"column":60}},"90":{"start":{"line":122,"column":1},"end":{"line":122,"column":60}},"91":{"start":{"line":122,"column":26},"end":{"line":122,"column":60}},"92":{"start":{"line":123,"column":1},"end":{"line":123,"column":54}},"93":{"start":{"line":123,"column":24},"end":{"line":123,"column":54}},"94":{"start":{"line":124,"column":1},"end":{"line":124,"column":51}},"95":{"start":{"line":124,"column":23},"end":{"line":124,"column":51}},"96":{"start":{"line":125,"column":1},"end":{"line":125,"column":45}},"97":{"start":{"line":125,"column":21},"end":{"line":125,"column":45}},"98":{"start":{"line":126,"column":1},"end":{"line":126,"column":63}},"99":{"start":{"line":126,"column":27},"end":{"line":126,"column":63}},"100":{"start":{"line":129,"column":21},"end":{"line":129,"column":54}},"101":{"start":{"line":130,"column":1},"end":{"line":130,"column":52}},"102":{"start":{"line":130,"column":32},"end":{"line":130,"column":52}},"103":{"start":{"line":133,"column":1},"end":{"line":156,"column":null}},"104":{"start":{"line":134,"column":17},"end":{"line":146,"column":null}},"105":{"start":{"line":148,"column":21},"end":{"line":148,"column":67}},"106":{"start":{"line":149,"column":2},"end":{"line":153,"column":null}},"107":{"start":{"line":150,"column":3},"end":{"line":152,"column":77}},"108":{"start":{"line":155,"column":2},"end":{"line":155,"column":61}},"109":{"start":{"line":159,"column":19},"end":{"line":177,"column":2}},"110":{"start":{"line":159,"column":57},"end":{"line":177,"column":2}},"111":{"start":{"line":160,"column":18},"end":{"line":160,"column":28}},"112":{"start":{"line":161,"column":12},"end":{"line":161,"column":31}},"113":{"start":{"line":163,"column":22},"end":{"line":163,"column":30}},"114":{"start":{"line":164,"column":16},"end":{"line":164,"column":34}},"115":{"start":{"line":166,"column":1},"end":{"line":176,"column":null}},"116":{"start":{"line":167,"column":21},"end":{"line":167,"column":55}},"117":{"start":{"line":168,"column":21},"end":{"line":168,"column":54}},"118":{"start":{"line":169,"column":24},"end":{"line":169,"column":73}},"119":{"start":{"line":170,"column":2},"end":{"line":173,"column":null}},"120":{"start":{"line":171,"column":3},"end":{"line":173,"column":6}},"121":{"start":{"line":175,"column":2},"end":{"line":175,"column":61}},"122":{"start":{"line":179,"column":0},"end":{"line":188,"column":2}}},"fnMap":{"0":{"name":"(anonymous_8)","decl":{"start":{"line":10,"column":12},"end":{"line":10,"column":19}},"loc":{"start":{"line":10,"column":50},"end":{"line":19,"column":2}}},"1":{"name":"(anonymous_9)","decl":{"start":{"line":10,"column":50},"end":{"line":10,"column":null}},"loc":{"start":{"line":10,"column":50},"end":{"line":19,"column":1}}},"2":{"name":"(anonymous_10)","decl":{"start":{"line":21,"column":20},"end":{"line":21,"column":27}},"loc":{"start":{"line":21,"column":58},"end":{"line":29,"column":2}}},"3":{"name":"(anonymous_11)","decl":{"start":{"line":21,"column":58},"end":{"line":21,"column":null}},"loc":{"start":{"line":21,"column":58},"end":{"line":29,"column":1}}},"4":{"name":"(anonymous_12)","decl":{"start":{"line":32,"column":16},"end":{"line":32,"column":23}},"loc":{"start":{"line":32,"column":54},"end":{"line":44,"column":2}}},"5":{"name":"(anonymous_13)","decl":{"start":{"line":32,"column":54},"end":{"line":32,"column":null}},"loc":{"start":{"line":32,"column":54},"end":{"line":44,"column":1}}},"6":{"name":"(anonymous_14)","decl":{"start":{"line":46,"column":21},"end":{"line":46,"column":28}},"loc":{"start":{"line":46,"column":59},"end":{"line":60,"column":2}}},"7":{"name":"(anonymous_15)","decl":{"start":{"line":46,"column":59},"end":{"line":46,"column":null}},"loc":{"start":{"line":46,"column":59},"end":{"line":60,"column":1}}},"8":{"name":"(anonymous_16)","decl":{"start":{"line":62,"column":18},"end":{"line":62,"column":25}},"loc":{"start":{"line":62,"column":56},"end":{"line":65,"column":2}}},"9":{"name":"(anonymous_17)","decl":{"start":{"line":62,"column":56},"end":{"line":62,"column":null}},"loc":{"start":{"line":62,"column":56},"end":{"line":65,"column":1}}},"10":{"name":"(anonymous_18)","decl":{"start":{"line":68,"column":13},"end":{"line":68,"column":20}},"loc":{"start":{"line":68,"column":51},"end":{"line":90,"column":2}}},"11":{"name":"(anonymous_19)","decl":{"start":{"line":68,"column":51},"end":{"line":68,"column":null}},"loc":{"start":{"line":68,"column":51},"end":{"line":90,"column":1}}},"12":{"name":"(anonymous_20)","decl":{"start":{"line":92,"column":12},"end":{"line":92,"column":19}},"loc":{"start":{"line":92,"column":50},"end":{"line":157,"column":2}}},"13":{"name":"(anonymous_21)","decl":{"start":{"line":92,"column":50},"end":{"line":92,"column":null}},"loc":{"start":{"line":92,"column":50},"end":{"line":157,"column":1}}},"14":{"name":"(anonymous_22)","decl":{"start":{"line":159,"column":19},"end":{"line":159,"column":26}},"loc":{"start":{"line":159,"column":57},"end":{"line":177,"column":2}}},"15":{"name":"(anonymous_23)","decl":{"start":{"line":159,"column":57},"end":{"line":159,"column":null}},"loc":{"start":{"line":159,"column":57},"end":{"line":177,"column":1}}}},"branchMap":{"0":{"loc":{"start":{"line":37,"column":2},"end":{"line":40,"column":null}},"type":"if","locations":[{"start":{"line":37,"column":2},"end":{"line":40,"column":null}}]},"1":{"loc":{"start":{"line":51,"column":2},"end":{"line":56,"column":null}},"type":"if","locations":[{"start":{"line":51,"column":2},"end":{"line":56,"column":null}},{"start":{"line":54,"column":9},"end":{"line":56,"column":null}}]},"2":{"loc":{"start":{"line":63,"column":18},"end":{"line":63,"column":52}},"type":"binary-expr","locations":[{"start":{"line":63,"column":19},"end":{"line":63,"column":45}},{"start":{"line":63,"column":50},"end":{"line":63,"column":52}}]},"3":{"loc":{"start":{"line":76,"column":15},"end":{"line":76,"column":92}},"type":"binary-expr","locations":[{"start":{"line":76,"column":16},"end":{"line":76,"column":49}},{"start":{"line":76,"column":54},"end":{"line":76,"column":92}}]},"4":{"loc":{"start":{"line":82,"column":2},"end":{"line":86,"column":null}},"type":"if","locations":[{"start":{"line":82,"column":2},"end":{"line":86,"column":null}}]},"5":{"loc":{"start":{"line":117,"column":1},"end":{"line":117,"column":60}},"type":"if","locations":[{"start":{"line":117,"column":1},"end":{"line":117,"column":60}}]},"6":{"loc":{"start":{"line":118,"column":1},"end":{"line":118,"column":42}},"type":"if","locations":[{"start":{"line":118,"column":1},"end":{"line":118,"column":42}}]},"7":{"loc":{"start":{"line":119,"column":1},"end":{"line":119,"column":39}},"type":"if","locations":[{"start":{"line":119,"column":1},"end":{"line":119,"column":39}}]},"8":{"loc":{"start":{"line":120,"column":1},"end":{"line":120,"column":39}},"type":"if","locations":[{"start":{"line":120,"column":1},"end":{"line":120,"column":39}}]},"9":{"loc":{"start":{"line":121,"column":1},"end":{"line":121,"column":60}},"type":"if","locations":[{"start":{"line":121,"column":1},"end":{"line":121,"column":60}}]},"10":{"loc":{"start":{"line":122,"column":1},"end":{"line":122,"column":60}},"type":"if","locations":[{"start":{"line":122,"column":1},"end":{"line":122,"column":60}}]},"11":{"loc":{"start":{"line":123,"column":1},"end":{"line":123,"column":54}},"type":"if","locations":[{"start":{"line":123,"column":1},"end":{"line":123,"column":54}}]},"12":{"loc":{"start":{"line":124,"column":1},"end":{"line":124,"column":51}},"type":"if","locations":[{"start":{"line":124,"column":1},"end":{"line":124,"column":51}}]},"13":{"loc":{"start":{"line":125,"column":1},"end":{"line":125,"column":45}},"type":"if","locations":[{"start":{"line":125,"column":1},"end":{"line":125,"column":45}}]},"14":{"loc":{"start":{"line":126,"column":1},"end":{"line":126,"column":63}},"type":"if","locations":[{"start":{"line":126,"column":1},"end":{"line":126,"column":63}}]},"15":{"loc":{"start":{"line":130,"column":1},"end":{"line":130,"column":52}},"type":"if","locations":[{"start":{"line":130,"column":1},"end":{"line":130,"column":52}}]},"16":{"loc":{"start":{"line":149,"column":2},"end":{"line":153,"column":null}},"type":"if","locations":[{"start":{"line":149,"column":2},"end":{"line":153,"column":null}}]},"17":{"loc":{"start":{"line":149,"column":5},"end":{"line":149,"column":25}},"type":"binary-expr","locations":[{"start":{"line":149,"column":5},"end":{"line":149,"column":11}},{"start":{"line":149,"column":15},"end":{"line":149,"column":25}}]},"18":{"loc":{"start":{"line":170,"column":2},"end":{"line":173,"column":null}},"type":"if","locations":[{"start":{"line":170,"column":2},"end":{"line":173,"column":null}}]},"19":{"loc":{"start":{"line":170,"column":5},"end":{"line":170,"column":32}},"type":"binary-expr","locations":[{"start":{"line":170,"column":5},"end":{"line":170,"column":15}},{"start":{"line":170,"column":19},"end":{"line":170,"column":32}}]}},"s":{"0":8,"1":8,"2":8,"3":8,"4":8,"5":8,"6":1,"7":1,"8":1,"9":1,"10":1,"11":1,"12":0,"13":8,"14":1,"15":1,"16":1,"17":1,"18":0,"19":0,"20":8,"21":1,"22":1,"23":1,"24":1,"25":1,"26":1,"27":1,"28":0,"29":8,"30":1,"31":1,"32":1,"33":1,"34":1,"35":1,"36":1,"37":1,"38":0,"39":0,"40":8,"41":0,"42":0,"43":0,"44":8,"45":1,"46":1,"47":1,"48":1,"49":1,"50":1,"51":1,"52":1,"53":1,"54":1,"55":1,"56":1,"57":1,"58":1,"59":0,"60":8,"61":1,"62":1,"63":1,"64":1,"65":1,"66":1,"67":1,"68":1,"69":1,"70":1,"71":1,"72":1,"73":1,"74":1,"75":1,"76":1,"77":1,"78":1,"79":1,"80":1,"81":1,"82":1,"83":1,"84":1,"85":1,"86":1,"87":1,"88":1,"89":1,"90":1,"91":1,"92":1,"93":1,"94":1,"95":1,"96":1,"97":1,"98":1,"99":1,"100":1,"101":1,"102":0,"103":1,"104":1,"105":1,"106":1,"107":1,"108":0,"109":8,"110":1,"111":1,"112":1,"113":1,"114":1,"115":1,"116":1,"117":1,"118":1,"119":1,"120":1,"121":0,"122":8},"f":{"0":1,"1":1,"2":1,"3":1,"4":1,"5":1,"6":1,"7":1,"8":0,"9":0,"10":1,"11":1,"12":1,"13":1,"14":1,"15":1},"b":{"0":[1],"1":[1,0],"2":[0,0],"3":[1,1],"4":[1],"5":[1],"6":[1],"7":[1],"8":[1],"9":[1],"10":[1],"11":[1],"12":[1],"13":[1],"14":[1],"15":[0],"16":[1],"17":[1,1],"18":[1],"19":[1,1]}}
,"D:\\Pelatihan\\Synrgy Project\\latihan\\Challenge_7\\API\\src\\controllers\\typeController.ts": {"path":"D:\\Pelatihan\\Synrgy Project\\latihan\\Challenge_7\\API\\src\\controllers\\typeController.ts","statementMap":{"0":{"start":{"line":2,"column":0},"end":{"line":2,"column":50}},"1":{"start":{"line":4,"column":12},"end":{"line":12,"column":2}},"2":{"start":{"line":4,"column":50},"end":{"line":12,"column":2}},"3":{"start":{"line":5,"column":1},"end":{"line":5,"column":22}},"4":{"start":{"line":6,"column":1},"end":{"line":11,"column":null}},"5":{"start":{"line":7,"column":19},"end":{"line":7,"column":51}},"6":{"start":{"line":8,"column":2},"end":{"line":8,"column":44}},"7":{"start":{"line":10,"column":2},"end":{"line":10,"column":68}},"8":{"start":{"line":14,"column":0},"end":{"line":14,"column":25}}},"fnMap":{"0":{"name":"(anonymous_8)","decl":{"start":{"line":4,"column":12},"end":{"line":4,"column":19}},"loc":{"start":{"line":4,"column":50},"end":{"line":12,"column":2}}},"1":{"name":"(anonymous_9)","decl":{"start":{"line":4,"column":50},"end":{"line":4,"column":null}},"loc":{"start":{"line":4,"column":50},"end":{"line":12,"column":1}}}},"branchMap":{},"s":{"0":8,"1":8,"2":1,"3":1,"4":1,"5":1,"6":1,"7":0,"8":8},"f":{"0":1,"1":1},"b":{}}
,"D:\\Pelatihan\\Synrgy Project\\latihan\\Challenge_7\\API\\src\\controllers\\userController.ts": {"path":"D:\\Pelatihan\\Synrgy Project\\latihan\\Challenge_7\\API\\src\\controllers\\userController.ts","statementMap":{"0":{"start":{"line":2,"column":0},"end":{"line":2,"column":50}},"1":{"start":{"line":3,"column":0},"end":{"line":3,"column":58}},"2":{"start":{"line":6,"column":15},"end":{"line":13,"column":2}},"3":{"start":{"line":6,"column":53},"end":{"line":13,"column":2}},"4":{"start":{"line":7,"column":1},"end":{"line":12,"column":null}},"5":{"start":{"line":8,"column":19},"end":{"line":8,"column":51}},"6":{"start":{"line":9,"column":2},"end":{"line":9,"column":44}},"7":{"start":{"line":11,"column":2},"end":{"line":11,"column":72}},"8":{"start":{"line":16,"column":15},"end":{"line":27,"column":2}},"9":{"start":{"line":16,"column":53},"end":{"line":27,"column":2}},"10":{"start":{"line":17,"column":12},"end":{"line":17,"column":33}},"11":{"start":{"line":18,"column":1},"end":{"line":25,"column":null}},"12":{"start":{"line":19,"column":25},"end":{"line":19,"column":70}},"13":{"start":{"line":20,"column":2},"end":{"line":22,"column":null}},"14":{"start":{"line":21,"column":20},"end":{"line":21,"column":55}},"15":{"start":{"line":22,"column":3},"end":{"line":22,"column":45}},"16":{"start":{"line":24,"column":2},"end":{"line":24,"column":72}},"17":{"start":{"line":30,"column":16},"end":{"line":38,"column":2}},"18":{"start":{"line":30,"column":54},"end":{"line":38,"column":2}},"19":{"start":{"line":31,"column":14},"end":{"line":31,"column":27}},"20":{"start":{"line":32,"column":1},"end":{"line":37,"column":null}},"21":{"start":{"line":33,"column":19},"end":{"line":33,"column":62}},"22":{"start":{"line":34,"column":2},"end":{"line":34,"column":44}},"23":{"start":{"line":36,"column":2},"end":{"line":36,"column":50}},"24":{"start":{"line":40,"column":0},"end":{"line":40,"column":45}}},"fnMap":{"0":{"name":"(anonymous_8)","decl":{"start":{"line":6,"column":15},"end":{"line":6,"column":22}},"loc":{"start":{"line":6,"column":53},"end":{"line":13,"column":2}}},"1":{"name":"(anonymous_9)","decl":{"start":{"line":6,"column":53},"end":{"line":6,"column":null}},"loc":{"start":{"line":6,"column":53},"end":{"line":13,"column":1}}},"2":{"name":"(anonymous_10)","decl":{"start":{"line":16,"column":15},"end":{"line":16,"column":22}},"loc":{"start":{"line":16,"column":53},"end":{"line":27,"column":2}}},"3":{"name":"(anonymous_11)","decl":{"start":{"line":16,"column":53},"end":{"line":16,"column":null}},"loc":{"start":{"line":16,"column":53},"end":{"line":27,"column":1}}},"4":{"name":"(anonymous_12)","decl":{"start":{"line":30,"column":16},"end":{"line":30,"column":23}},"loc":{"start":{"line":30,"column":54},"end":{"line":38,"column":2}}},"5":{"name":"(anonymous_13)","decl":{"start":{"line":30,"column":54},"end":{"line":30,"column":null}},"loc":{"start":{"line":30,"column":54},"end":{"line":38,"column":1}}}},"branchMap":{"0":{"loc":{"start":{"line":20,"column":2},"end":{"line":22,"column":null}},"type":"if","locations":[{"start":{"line":20,"column":2},"end":{"line":22,"column":null}}]}},"s":{"0":8,"1":8,"2":8,"3":1,"4":1,"5":1,"6":1,"7":0,"8":8,"9":1,"10":1,"11":1,"12":1,"13":1,"14":1,"15":1,"16":0,"17":8,"18":1,"19":1,"20":1,"21":1,"22":1,"23":0,"24":8},"f":{"0":1,"1":1,"2":1,"3":1,"4":1,"5":1},"b":{"0":[1]}}
,"D:\\Pelatihan\\Synrgy Project\\latihan\\Challenge_7\\API\\src\\middleware\\authorize.ts": {"path":"D:\\Pelatihan\\Synrgy Project\\latihan\\Challenge_7\\API\\src\\middleware\\authorize.ts","statementMap":{"0":{"start":{"line":2,"column":0},"end":{"line":2,"column":31}},"1":{"start":{"line":3,"column":0},"end":{"line":3,"column":50}},"2":{"start":{"line":5,"column":18},"end":{"line":27,"column":2}},"3":{"start":{"line":5,"column":76},"end":{"line":27,"column":2}},"4":{"start":{"line":6,"column":1},"end":{"line":26,"column":null}},"5":{"start":{"line":7,"column":22},"end":{"line":7,"column":47}},"6":{"start":{"line":8,"column":16},"end":{"line":8,"column":56}},"7":{"start":{"line":9,"column":23},"end":{"line":11,"column":null}},"8":{"start":{"line":14,"column":2},"end":{"line":21,"column":null}},"9":{"start":{"line":15,"column":3},"end":{"line":15,"column":68}},"10":{"start":{"line":16,"column":3},"end":{"line":16,"column":10}},"11":{"start":{"line":18,"column":3},"end":{"line":20,"column":6}},"12":{"start":{"line":23,"column":2},"end":{"line":25,"column":5}},"13":{"start":{"line":29,"column":0},"end":{"line":29,"column":25}}},"fnMap":{"0":{"name":"(anonymous_8)","decl":{"start":{"line":5,"column":18},"end":{"line":5,"column":25}},"loc":{"start":{"line":5,"column":76},"end":{"line":27,"column":2}}},"1":{"name":"(anonymous_9)","decl":{"start":{"line":5,"column":76},"end":{"line":5,"column":null}},"loc":{"start":{"line":5,"column":76},"end":{"line":27,"column":1}}}},"branchMap":{"0":{"loc":{"start":{"line":8,"column":16},"end":{"line":8,"column":56}},"type":"binary-expr","locations":[{"start":{"line":8,"column":16},"end":{"line":8,"column":50}},{"start":{"line":8,"column":54},"end":{"line":8,"column":56}}]},"1":{"loc":{"start":{"line":8,"column":16},"end":{"line":8,"column":50}},"type":"cond-expr","locations":[{"start":{"line":8,"column":45},"end":{"line":8,"column":48}},{"start":{"line":8,"column":45},"end":{"line":8,"column":50}}]},"2":{"loc":{"start":{"line":8,"column":16},"end":{"line":8,"column":48}},"type":"binary-expr","locations":[{"start":{"line":8,"column":16},"end":{"line":8,"column":48}},{"start":{"line":8,"column":45},"end":{"line":8,"column":48}}]},"3":{"loc":{"start":{"line":8,"column":16},"end":{"line":8,"column":45}},"type":"cond-expr","locations":[{"start":{"line":8,"column":27},"end":{"line":8,"column":29}},{"start":{"line":8,"column":16},"end":{"line":8,"column":45}}]},"4":{"loc":{"start":{"line":8,"column":16},"end":{"line":8,"column":29}},"type":"binary-expr","locations":[{"start":{"line":8,"column":16},"end":{"line":8,"column":29}},{"start":{"line":8,"column":16},"end":{"line":8,"column":29}}]},"5":{"loc":{"start":{"line":11,"column":3},"end":{"line":11,"column":41}},"type":"binary-expr","locations":[{"start":{"line":11,"column":3},"end":{"line":11,"column":28}},{"start":{"line":11,"column":32},"end":{"line":11,"column":41}}]},"6":{"loc":{"start":{"line":14,"column":2},"end":{"line":21,"column":null}},"type":"if","locations":[{"start":{"line":14,"column":2},"end":{"line":21,"column":null}},{"start":{"line":17,"column":9},"end":{"line":21,"column":null}}]}},"s":{"0":8,"1":8,"2":8,"3":8,"4":8,"5":8,"6":8,"7":8,"8":8,"9":8,"10":8,"11":0,"12":0,"13":8},"f":{"0":8,"1":8},"b":{"0":[8,0],"1":[0,8],"2":[8,8],"3":[0,8],"4":[8,8],"5":[8,8],"6":[8,0]}}
,"D:\\Pelatihan\\Synrgy Project\\latihan\\Challenge_7\\API\\src\\middleware\\getRole.ts": {"path":"D:\\Pelatihan\\Synrgy Project\\latihan\\Challenge_7\\API\\src\\middleware\\getRole.ts","statementMap":{"0":{"start":{"line":1,"column":0},"end":{"line":1,"column":58}},"1":{"start":{"line":3,"column":15},"end":{"line":5,"column":2}},"2":{"start":{"line":3,"column":40},"end":{"line":5,"column":2}},"3":{"start":{"line":4,"column":1},"end":{"line":4,"column":52}},"4":{"start":{"line":7,"column":0},"end":{"line":7,"column":24}}},"fnMap":{"0":{"name":"(anonymous_8)","decl":{"start":{"line":3,"column":15},"end":{"line":3,"column":22}},"loc":{"start":{"line":3,"column":40},"end":{"line":5,"column":2}}},"1":{"name":"(anonymous_9)","decl":{"start":{"line":3,"column":40},"end":{"line":3,"column":null}},"loc":{"start":{"line":3,"column":40},"end":{"line":5,"column":1}}}},"branchMap":{},"s":{"0":8,"1":8,"2":6,"3":6,"4":8},"f":{"0":6,"1":6},"b":{}}
,"D:\\Pelatihan\\Synrgy Project\\latihan\\Challenge_7\\API\\src\\middleware\\isAdmin.ts": {"path":"D:\\Pelatihan\\Synrgy Project\\latihan\\Challenge_7\\API\\src\\middleware\\isAdmin.ts","statementMap":{"0":{"start":{"line":3,"column":16},"end":{"line":14,"column":2}},"1":{"start":{"line":3,"column":74},"end":{"line":14,"column":2}},"2":{"start":{"line":4,"column":1},"end":{"line":13,"column":null}},"3":{"start":{"line":5,"column":15},"end":{"line":5,"column":28}},"4":{"start":{"line":6,"column":2},"end":{"line":12,"column":null}},"5":{"start":{"line":7,"column":3},"end":{"line":7,"column":10}},"6":{"start":{"line":9,"column":3},"end":{"line":11,"column":6}},"7":{"start":{"line":16,"column":0},"end":{"line":16,"column":23}}},"fnMap":{"0":{"name":"(anonymous_7)","decl":{"start":{"line":3,"column":16},"end":{"line":3,"column":23}},"loc":{"start":{"line":3,"column":74},"end":{"line":14,"column":2}}},"1":{"name":"(anonymous_8)","decl":{"start":{"line":3,"column":74},"end":{"line":3,"column":null}},"loc":{"start":{"line":3,"column":74},"end":{"line":14,"column":1}}}},"branchMap":{"0":{"loc":{"start":{"line":4,"column":1},"end":{"line":13,"column":null}},"type":"if","locations":[{"start":{"line":4,"column":1},"end":{"line":13,"column":null}}]},"1":{"loc":{"start":{"line":6,"column":2},"end":{"line":12,"column":null}},"type":"if","locations":[{"start":{"line":6,"column":2},"end":{"line":12,"column":null}},{"start":{"line":8,"column":9},"end":{"line":12,"column":null}}]},"2":{"loc":{"start":{"line":6,"column":6},"end":{"line":6,"column":58}},"type":"binary-expr","locations":[{"start":{"line":6,"column":6},"end":{"line":6,"column":30}},{"start":{"line":6,"column":34},"end":{"line":6,"column":58}}]}},"s":{"0":8,"1":3,"2":3,"3":3,"4":3,"5":3,"6":0,"7":8},"f":{"0":3,"1":3},"b":{"0":[3],"1":[3,0],"2":[3,0]}}
,"D:\\Pelatihan\\Synrgy Project\\latihan\\Challenge_7\\API\\src\\middleware\\isSuper.ts": {"path":"D:\\Pelatihan\\Synrgy Project\\latihan\\Challenge_7\\API\\src\\middleware\\isSuper.ts","statementMap":{"0":{"start":{"line":3,"column":16},"end":{"line":14,"column":2}},"1":{"start":{"line":3,"column":74},"end":{"line":14,"column":2}},"2":{"start":{"line":4,"column":1},"end":{"line":13,"column":null}},"3":{"start":{"line":5,"column":15},"end":{"line":5,"column":28}},"4":{"start":{"line":6,"column":2},"end":{"line":12,"column":null}},"5":{"start":{"line":7,"column":3},"end":{"line":7,"column":10}},"6":{"start":{"line":9,"column":3},"end":{"line":11,"column":6}},"7":{"start":{"line":16,"column":0},"end":{"line":16,"column":23}}},"fnMap":{"0":{"name":"(anonymous_7)","decl":{"start":{"line":3,"column":16},"end":{"line":3,"column":23}},"loc":{"start":{"line":3,"column":74},"end":{"line":14,"column":2}}},"1":{"name":"(anonymous_8)","decl":{"start":{"line":3,"column":74},"end":{"line":3,"column":null}},"loc":{"start":{"line":3,"column":74},"end":{"line":14,"column":1}}}},"branchMap":{"0":{"loc":{"start":{"line":4,"column":1},"end":{"line":13,"column":null}},"type":"if","locations":[{"start":{"line":4,"column":1},"end":{"line":13,"column":null}}]},"1":{"loc":{"start":{"line":6,"column":2},"end":{"line":12,"column":null}},"type":"if","locations":[{"start":{"line":6,"column":2},"end":{"line":12,"column":null}},{"start":{"line":8,"column":9},"end":{"line":12,"column":null}}]}},"s":{"0":8,"1":4,"2":4,"3":4,"4":4,"5":4,"6":0,"7":8},"f":{"0":4,"1":4},"b":{"0":[4],"1":[4,0]}}
,"D:\\Pelatihan\\Synrgy Project\\latihan\\Challenge_7\\API\\src\\middleware\\upload.ts": {"path":"D:\\Pelatihan\\Synrgy Project\\latihan\\Challenge_7\\API\\src\\middleware\\upload.ts","statementMap":{"0":{"start":{"line":1,"column":0},"end":{"line":1,"column":28}},"1":{"start":{"line":3,"column":16},"end":{"line":3,"column":38}},"2":{"start":{"line":5,"column":0},"end":{"line":5,"column":35}}},"fnMap":{},"branchMap":{},"s":{"0":8,"1":8,"2":8},"f":{},"b":{}}
,"D:\\Pelatihan\\Synrgy Project\\latihan\\Challenge_7\\API\\src\\middleware\\uploadOnline.ts": {"path":"D:\\Pelatihan\\Synrgy Project\\latihan\\Challenge_7\\API\\src\\middleware\\uploadOnline.ts","statementMap":{"0":{"start":{"line":2,"column":0},"end":{"line":2,"column":36}},"1":{"start":{"line":4,"column":0},"end":{"line":9,"column":3}},"2":{"start":{"line":13,"column":2},"end":{"line":15,"column":null}},"3":{"start":{"line":14,"column":3},"end":{"line":14,"column":10}},"4":{"start":{"line":16,"column":29},"end":{"line":16,"column":63}},"5":{"start":{"line":17,"column":23},"end":{"line":17,"column":71}},"6":{"start":{"line":19,"column":17},"end":{"line":19,"column":58}},"7":{"start":{"line":20,"column":16},"end":{"line":20,"column":26}},"8":{"start":{"line":21,"column":2},"end":{"line":21,"column":15}},"9":{"start":{"line":11,"column":0},"end":{"line":11,"column":21}}},"fnMap":{"0":{"name":"(anonymous_8)","decl":{"start":{"line":12,"column":7},"end":{"line":12,"column":10}},"loc":{"start":{"line":12,"column":23},"end":{"line":22,"column":null}}}},"branchMap":{"0":{"loc":{"start":{"line":13,"column":2},"end":{"line":15,"column":null}},"type":"if","locations":[{"start":{"line":13,"column":2},"end":{"line":15,"column":null}}]}},"s":{"0":8,"1":8,"2":2,"3":2,"4":0,"5":0,"6":0,"7":0,"8":0,"9":8},"f":{"0":2},"b":{"0":[2]}}
,"D:\\Pelatihan\\Synrgy Project\\latihan\\Challenge_7\\API\\src\\models\\cars.ts": {"path":"D:\\Pelatihan\\Synrgy Project\\latihan\\Challenge_7\\API\\src\\models\\cars.ts","statementMap":{"0":{"start":{"line":1,"column":0},"end":{"line":1,"column":47}},"1":{"start":{"line":19,"column":2},"end":{"line":19,"column":16}},"2":{"start":{"line":3,"column":0},"end":{"line":3,"column":13}}},"fnMap":{"0":{"name":"(anonymous_0)","decl":{"start":{"line":18,"column":1},"end":{"line":18,"column":7}},"loc":{"start":{"line":18,"column":21},"end":{"line":20,"column":2}}}},"branchMap":{},"s":{"0":8,"1":27,"2":8},"f":{"0":27},"b":{}}
,"D:\\Pelatihan\\Synrgy Project\\latihan\\Challenge_7\\API\\src\\models\\roles.ts": {"path":"D:\\Pelatihan\\Synrgy Project\\latihan\\Challenge_7\\API\\src\\models\\roles.ts","statementMap":{"0":{"start":{"line":1,"column":0},"end":{"line":1,"column":47}},"1":{"start":{"line":8,"column":2},"end":{"line":8,"column":17}},"2":{"start":{"line":3,"column":0},"end":{"line":3,"column":13}}},"fnMap":{"0":{"name":"(anonymous_0)","decl":{"start":{"line":7,"column":1},"end":{"line":7,"column":7}},"loc":{"start":{"line":7,"column":21},"end":{"line":9,"column":2}}}},"branchMap":{},"s":{"0":8,"1":30,"2":8},"f":{"0":30},"b":{}}
,"D:\\Pelatihan\\Synrgy Project\\latihan\\Challenge_7\\API\\src\\models\\types.ts": {"path":"D:\\Pelatihan\\Synrgy Project\\latihan\\Challenge_7\\API\\src\\models\\types.ts","statementMap":{"0":{"start":{"line":1,"column":0},"end":{"line":1,"column":47}},"1":{"start":{"line":8,"column":2},"end":{"line":8,"column":17}},"2":{"start":{"line":3,"column":0},"end":{"line":3,"column":13}}},"fnMap":{"0":{"name":"(anonymous_0)","decl":{"start":{"line":7,"column":1},"end":{"line":7,"column":7}},"loc":{"start":{"line":7,"column":21},"end":{"line":9,"column":2}}}},"branchMap":{},"s":{"0":8,"1":6,"2":8},"f":{"0":6},"b":{}}
,"D:\\Pelatihan\\Synrgy Project\\latihan\\Challenge_7\\API\\src\\models\\userCar.ts": {"path":"D:\\Pelatihan\\Synrgy Project\\latihan\\Challenge_7\\API\\src\\models\\userCar.ts","statementMap":{"0":{"start":{"line":1,"column":0},"end":{"line":1,"column":47}},"1":{"start":{"line":13,"column":2},"end":{"line":13,"column":20}},"2":{"start":{"line":3,"column":0},"end":{"line":3,"column":13}}},"fnMap":{"0":{"name":"(anonymous_0)","decl":{"start":{"line":12,"column":1},"end":{"line":12,"column":7}},"loc":{"start":{"line":12,"column":21},"end":{"line":14,"column":2}}}},"branchMap":{},"s":{"0":8,"1":18,"2":8},"f":{"0":18},"b":{}}
,"D:\\Pelatihan\\Synrgy Project\\latihan\\Challenge_7\\API\\src\\models\\userRole.ts": {"path":"D:\\Pelatihan\\Synrgy Project\\latihan\\Challenge_7\\API\\src\\models\\userRole.ts","statementMap":{"0":{"start":{"line":1,"column":0},"end":{"line":1,"column":47}},"1":{"start":{"line":8,"column":2},"end":{"line":8,"column":21}},"2":{"start":{"line":3,"column":0},"end":{"line":3,"column":13}}},"fnMap":{"0":{"name":"(anonymous_0)","decl":{"start":{"line":7,"column":1},"end":{"line":7,"column":7}},"loc":{"start":{"line":7,"column":21},"end":{"line":9,"column":2}}}},"branchMap":{},"s":{"0":8,"1":24,"2":8},"f":{"0":24},"b":{}}
,"D:\\Pelatihan\\Synrgy Project\\latihan\\Challenge_7\\API\\src\\models\\users.ts": {"path":"D:\\Pelatihan\\Synrgy Project\\latihan\\Challenge_7\\API\\src\\models\\users.ts","statementMap":{"0":{"start":{"line":1,"column":0},"end":{"line":1,"column":47}},"1":{"start":{"line":9,"column":2},"end":{"line":9,"column":17}},"2":{"start":{"line":3,"column":0},"end":{"line":3,"column":13}}},"fnMap":{"0":{"name":"(anonymous_0)","decl":{"start":{"line":8,"column":1},"end":{"line":8,"column":7}},"loc":{"start":{"line":8,"column":21},"end":{"line":10,"column":2}}}},"branchMap":{},"s":{"0":8,"1":55,"2":8},"f":{"0":55},"b":{}}
,"D:\\Pelatihan\\Synrgy Project\\latihan\\Challenge_7\\API\\src\\repositories\\carRepository.ts": {"path":"D:\\Pelatihan\\Synrgy Project\\latihan\\Challenge_7\\API\\src\\repositories\\carRepository.ts","statementMap":{"0":{"start":{"line":2,"column":0},"end":{"line":2,"column":42}},"1":{"start":{"line":6,"column":2},"end":{"line":6,"column":63}},"2":{"start":{"line":10,"column":2},"end":{"line":10,"column":32}},"3":{"start":{"line":14,"column":2},"end":{"line":17,"column":22}},"4":{"start":{"line":21,"column":2},"end":{"line":21,"column":64}},"5":{"start":{"line":25,"column":13},"end":{"line":25,"column":23}},"6":{"start":{"line":26,"column":22},"end":{"line":26,"column":41}},"7":{"start":{"line":27,"column":16},"end":{"line":27,"column":29}},"8":{"start":{"line":28,"column":23},"end":{"line":28,"column":35}},"9":{"start":{"line":29,"column":15},"end":{"line":29,"column":27}},"10":{"start":{"line":30,"column":16},"end":{"line":30,"column":19}},"11":{"start":{"line":31,"column":22},"end":{"line":31,"column":41}},"12":{"start":{"line":32,"column":23},"end":{"line":32,"column":42}},"13":{"start":{"line":33,"column":20},"end":{"line":33,"column":37}},"14":{"start":{"line":34,"column":19},"end":{"line":34,"column":35}},"15":{"start":{"line":35,"column":17},"end":{"line":35,"column":31}},"16":{"start":{"line":36,"column":23},"end":{"line":36,"column":43}},"17":{"start":{"line":37,"column":20},"end":{"line":37,"column":25}},"18":{"start":{"line":39,"column":2},"end":{"line":53,"column":5}},"19":{"start":{"line":70,"column":2},"end":{"line":82,"column":5}},"20":{"start":{"line":86,"column":2},"end":{"line":88,"column":5}},"21":{"start":{"line":4,"column":0},"end":{"line":4,"column":21}}},"fnMap":{"0":{"name":"(anonymous_7)","decl":{"start":{"line":5,"column":7},"end":{"line":5,"column":13}},"loc":{"start":{"line":5,"column":13},"end":{"line":7,"column":null}}},"1":{"name":"(anonymous_9)","decl":{"start":{"line":9,"column":7},"end":{"line":9,"column":18}},"loc":{"start":{"line":9,"column":18},"end":{"line":11,"column":null}}},"2":{"name":"(anonymous_11)","decl":{"start":{"line":13,"column":7},"end":{"line":13,"column":14}},"loc":{"start":{"line":13,"column":25},"end":{"line":18,"column":null}}},"3":{"name":"(anonymous_13)","decl":{"start":{"line":20,"column":7},"end":{"line":20,"column":19}},"loc":{"start":{"line":20,"column":30},"end":{"line":22,"column":null}}},"4":{"name":"(anonymous_15)","decl":{"start":{"line":24,"column":7},"end":{"line":24,"column":11}},"loc":{"start":{"line":24,"column":37},"end":{"line":54,"column":null}}},"5":{"name":"(anonymous_17)","decl":{"start":{"line":56,"column":7},"end":{"line":56,"column":10}},"loc":{"start":{"line":68,"column":17},"end":{"line":83,"column":null}}},"6":{"name":"(anonymous_19)","decl":{"start":{"line":85,"column":7},"end":{"line":85,"column":13}},"loc":{"start":{"line":85,"column":24},"end":{"line":89,"column":null}}}},"branchMap":{},"s":{"0":8,"1":1,"2":1,"3":3,"4":1,"5":1,"6":1,"7":1,"8":1,"9":1,"10":1,"11":1,"12":1,"13":1,"14":1,"15":1,"16":1,"17":1,"18":1,"19":1,"20":1,"21":8},"f":{"0":1,"1":1,"2":3,"3":1,"4":1,"5":1,"6":1},"b":{}}
,"D:\\Pelatihan\\Synrgy Project\\latihan\\Challenge_7\\API\\src\\repositories\\roleRepository.ts": {"path":"D:\\Pelatihan\\Synrgy Project\\latihan\\Challenge_7\\API\\src\\repositories\\roleRepository.ts","statementMap":{"0":{"start":{"line":1,"column":0},"end":{"line":1,"column":45}},"1":{"start":{"line":5,"column":2},"end":{"line":5,"column":47}},"2":{"start":{"line":3,"column":0},"end":{"line":3,"column":21}}},"fnMap":{"0":{"name":"(anonymous_7)","decl":{"start":{"line":4,"column":7},"end":{"line":4,"column":14}},"loc":{"start":{"line":4,"column":25},"end":{"line":6,"column":null}}}},"branchMap":{},"s":{"0":8,"1":6,"2":8},"f":{"0":6},"b":{}}
,"D:\\Pelatihan\\Synrgy Project\\latihan\\Challenge_7\\API\\src\\repositories\\typeRepository.ts": {"path":"D:\\Pelatihan\\Synrgy Project\\latihan\\Challenge_7\\API\\src\\repositories\\typeRepository.ts","statementMap":{"0":{"start":{"line":1,"column":0},"end":{"line":1,"column":47}},"1":{"start":{"line":5,"column":2},"end":{"line":5,"column":44}},"2":{"start":{"line":9,"column":2},"end":{"line":9,"column":70}},"3":{"start":{"line":3,"column":0},"end":{"line":3,"column":21}}},"fnMap":{"0":{"name":"(anonymous_7)","decl":{"start":{"line":4,"column":7},"end":{"line":4,"column":13}},"loc":{"start":{"line":4,"column":13},"end":{"line":6,"column":null}}},"1":{"name":"(anonymous_9)","decl":{"start":{"line":8,"column":7},"end":{"line":8,"column":14}},"loc":{"start":{"line":8,"column":25},"end":{"line":10,"column":null}}}},"branchMap":{"0":{"loc":{"start":{"line":5,"column":9},"end":{"line":5,"column":43}},"type":"binary-expr","locations":[{"start":{"line":5,"column":10},"end":{"line":5,"column":36}},{"start":{"line":5,"column":41},"end":{"line":5,"column":43}}]}},"s":{"0":8,"1":2,"2":0,"3":8},"f":{"0":2,"1":0},"b":{"0":[2,0]}}
,"D:\\Pelatihan\\Synrgy Project\\latihan\\Challenge_7\\API\\src\\repositories\\userCarRepository.ts": {"path":"D:\\Pelatihan\\Synrgy Project\\latihan\\Challenge_7\\API\\src\\repositories\\userCarRepository.ts","statementMap":{"0":{"start":{"line":1,"column":0},"end":{"line":1,"column":49}},"1":{"start":{"line":9,"column":2},"end":{"line":9,"column":36}},"2":{"start":{"line":13,"column":2},"end":{"line":13,"column":68}},"3":{"start":{"line":17,"column":13},"end":{"line":17,"column":21}},"4":{"start":{"line":18,"column":19},"end":{"line":18,"column":31}},"5":{"start":{"line":19,"column":19},"end":{"line":19,"column":29}},"6":{"start":{"line":20,"column":2},"end":{"line":24,"column":5}},"7":{"start":{"line":28,"column":13},"end":{"line":28,"column":21}},"8":{"start":{"line":29,"column":19},"end":{"line":29,"column":31}},"9":{"start":{"line":30,"column":19},"end":{"line":30,"column":29}},"10":{"start":{"line":31,"column":2},"end":{"line":34,"column":5}},"11":{"start":{"line":38,"column":13},"end":{"line":38,"column":21}},"12":{"start":{"line":39,"column":19},"end":{"line":39,"column":31}},"13":{"start":{"line":40,"column":19},"end":{"line":40,"column":29}},"14":{"start":{"line":41,"column":2},"end":{"line":44,"column":5}},"15":{"start":{"line":7,"column":0},"end":{"line":7,"column":21}}},"fnMap":{"0":{"name":"(anonymous_7)","decl":{"start":{"line":8,"column":7},"end":{"line":8,"column":13}},"loc":{"start":{"line":8,"column":13},"end":{"line":10,"column":null}}},"1":{"name":"(anonymous_9)","decl":{"start":{"line":12,"column":7},"end":{"line":12,"column":14}},"loc":{"start":{"line":12,"column":25},"end":{"line":14,"column":null}}},"2":{"name":"(anonymous_11)","decl":{"start":{"line":16,"column":7},"end":{"line":16,"column":11}},"loc":{"start":{"line":16,"column":30},"end":{"line":25,"column":null}}},"3":{"name":"(anonymous_13)","decl":{"start":{"line":27,"column":7},"end":{"line":27,"column":10}},"loc":{"start":{"line":27,"column":29},"end":{"line":35,"column":null}}},"4":{"name":"(anonymous_15)","decl":{"start":{"line":37,"column":7},"end":{"line":37,"column":13}},"loc":{"start":{"line":37,"column":32},"end":{"line":45,"column":null}}}},"branchMap":{},"s":{"0":8,"1":1,"2":2,"3":1,"4":1,"5":1,"6":1,"7":1,"8":1,"9":1,"10":1,"11":1,"12":1,"13":1,"14":1,"15":8},"f":{"0":1,"1":2,"2":1,"3":1,"4":1},"b":{}}
,"D:\\Pelatihan\\Synrgy Project\\latihan\\Challenge_7\\API\\src\\repositories\\userRepository.ts": {"path":"D:\\Pelatihan\\Synrgy Project\\latihan\\Challenge_7\\API\\src\\repositories\\userRepository.ts","statementMap":{"0":{"start":{"line":1,"column":0},"end":{"line":1,"column":45}},"1":{"start":{"line":11,"column":2},"end":{"line":14,"column":52}},"2":{"start":{"line":19,"column":2},"end":{"line":23,"column":52}},"3":{"start":{"line":27,"column":2},"end":{"line":27,"column":68}},"4":{"start":{"line":32,"column":16},"end":{"line":32,"column":27}},"5":{"start":{"line":33,"column":19},"end":{"line":33,"column":33}},"6":{"start":{"line":35,"column":2},"end":{"line":38,"column":5}},"7":{"start":{"line":8,"column":0},"end":{"line":8,"column":21}}},"fnMap":{"0":{"name":"(anonymous_7)","decl":{"start":{"line":10,"column":7},"end":{"line":10,"column":13}},"loc":{"start":{"line":10,"column":13},"end":{"line":15,"column":null}}},"1":{"name":"(anonymous_9)","decl":{"start":{"line":18,"column":7},"end":{"line":18,"column":14}},"loc":{"start":{"line":18,"column":25},"end":{"line":24,"column":null}}},"2":{"name":"(anonymous_11)","decl":{"start":{"line":26,"column":7},"end":{"line":26,"column":17}},"loc":{"start":{"line":26,"column":31},"end":{"line":28,"column":null}}},"3":{"name":"(anonymous_13)","decl":{"start":{"line":31,"column":7},"end":{"line":31,"column":11}},"loc":{"start":{"line":31,"column":26},"end":{"line":39,"column":null}}}},"branchMap":{},"s":{"0":8,"1":1,"2":10,"3":10,"4":1,"5":1,"6":1,"7":8},"f":{"0":1,"1":10,"2":10,"3":1},"b":{}}
,"D:\\Pelatihan\\Synrgy Project\\latihan\\Challenge_7\\API\\src\\repositories\\userRoleRepository.ts": {"path":"D:\\Pelatihan\\Synrgy Project\\latihan\\Challenge_7\\API\\src\\repositories\\userRoleRepository.ts","statementMap":{"0":{"start":{"line":1,"column":0},"end":{"line":1,"column":51}},"1":{"start":{"line":6,"column":17},"end":{"line":6,"column":18}},"2":{"start":{"line":8,"column":2},"end":{"line":11,"column":5}},"3":{"start":{"line":16,"column":2},"end":{"line":18,"column":27}},"4":{"start":{"line":23,"column":2},"end":{"line":23,"column":68}},"5":{"start":{"line":3,"column":0},"end":{"line":3,"column":21}}},"fnMap":{"0":{"name":"(anonymous_7)","decl":{"start":{"line":5,"column":7},"end":{"line":5,"column":11}},"loc":{"start":{"line":5,"column":26},"end":{"line":12,"column":null}}},"1":{"name":"(anonymous_9)","decl":{"start":{"line":15,"column":7},"end":{"line":15,"column":20}},"loc":{"start":{"line":15,"column":35},"end":{"line":19,"column":null}}},"2":{"name":"(anonymous_11)","decl":{"start":{"line":22,"column":7},"end":{"line":22,"column":16}},"loc":{"start":{"line":22,"column":27},"end":{"line":24,"column":null}}}},"branchMap":{},"s":{"0":8,"1":1,"2":1,"3":1,"4":6,"5":8},"f":{"0":1,"1":1,"2":6},"b":{}}
,"D:\\Pelatihan\\Synrgy Project\\latihan\\Challenge_7\\API\\src\\routes\\authenticationRouter.ts": {"path":"D:\\Pelatihan\\Synrgy Project\\latihan\\Challenge_7\\API\\src\\routes\\authenticationRouter.ts","statementMap":{"0":{"start":{"line":2,"column":0},"end":{"line":2,"column":42}},"1":{"start":{"line":3,"column":23},"end":{"line":3,"column":39}},"2":{"start":{"line":4,"column":33},"end":{"line":4,"column":85}},"3":{"start":{"line":6,"column":0},"end":{"line":6,"column":56}},"4":{"start":{"line":7,"column":0},"end":{"line":7,"column":56}},"5":{"start":{"line":9,"column":0},"end":{"line":9,"column":24}}},"fnMap":{},"branchMap":{},"s":{"0":8,"1":8,"2":8,"3":8,"4":8,"5":8},"f":{},"b":{}}
,"D:\\Pelatihan\\Synrgy Project\\latihan\\Challenge_7\\API\\src\\routes\\carRouter.ts": {"path":"D:\\Pelatihan\\Synrgy Project\\latihan\\Challenge_7\\API\\src\\routes\\carRouter.ts","statementMap":{"0":{"start":{"line":2,"column":0},"end":{"line":2,"column":42}},"1":{"start":{"line":3,"column":23},"end":{"line":3,"column":39}},"2":{"start":{"line":4,"column":22},"end":{"line":4,"column":63}},"3":{"start":{"line":5,"column":0},"end":{"line":5,"column":44}},"4":{"start":{"line":6,"column":0},"end":{"line":6,"column":44}},"5":{"start":{"line":7,"column":0},"end":{"line":7,"column":48}},"6":{"start":{"line":8,"column":0},"end":{"line":8,"column":44}},"7":{"start":{"line":11,"column":0},"end":{"line":11,"column":35}},"8":{"start":{"line":12,"column":0},"end":{"line":12,"column":68}},"9":{"start":{"line":13,"column":0},"end":{"line":13,"column":50}},"10":{"start":{"line":14,"column":0},"end":{"line":19,"column":2}},"11":{"start":{"line":21,"column":0},"end":{"line":21,"column":67}},"12":{"start":{"line":22,"column":0},"end":{"line":28,"column":2}},"13":{"start":{"line":31,"column":0},"end":{"line":37,"column":2}},"14":{"start":{"line":40,"column":0},"end":{"line":40,"column":68}},"15":{"start":{"line":42,"column":0},"end":{"line":42,"column":24}}},"fnMap":{},"branchMap":{},"s":{"0":8,"1":8,"2":8,"3":8,"4":8,"5":8,"6":8,"7":8,"8":8,"9":8,"10":8,"11":8,"12":8,"13":8,"14":8,"15":8},"f":{},"b":{}}
,"D:\\Pelatihan\\Synrgy Project\\latihan\\Challenge_7\\API\\src\\routes\\typeRouter.ts": {"path":"D:\\Pelatihan\\Synrgy Project\\latihan\\Challenge_7\\API\\src\\routes\\typeRouter.ts","statementMap":{"0":{"start":{"line":2,"column":0},"end":{"line":2,"column":42}},"1":{"start":{"line":3,"column":23},"end":{"line":3,"column":39}},"2":{"start":{"line":4,"column":23},"end":{"line":4,"column":65}},"3":{"start":{"line":6,"column":0},"end":{"line":6,"column":36}},"4":{"start":{"line":8,"column":0},"end":{"line":8,"column":24}}},"fnMap":{},"branchMap":{},"s":{"0":8,"1":8,"2":8,"3":8,"4":8},"f":{},"b":{}}
,"D:\\Pelatihan\\Synrgy Project\\latihan\\Challenge_7\\API\\src\\routes\\userRouter.ts": {"path":"D:\\Pelatihan\\Synrgy Project\\latihan\\Challenge_7\\API\\src\\routes\\userRouter.ts","statementMap":{"0":{"start":{"line":2,"column":0},"end":{"line":2,"column":42}},"1":{"start":{"line":3,"column":0},"end":{"line":3,"column":48}},"2":{"start":{"line":4,"column":0},"end":{"line":4,"column":44}},"3":{"start":{"line":6,"column":23},"end":{"line":6,"column":39}},"4":{"start":{"line":7,"column":23},"end":{"line":7,"column":65}},"5":{"start":{"line":10,"column":0},"end":{"line":10,"column":69}},"6":{"start":{"line":11,"column":0},"end":{"line":11,"column":75}},"7":{"start":{"line":14,"column":0},"end":{"line":14,"column":58}},"8":{"start":{"line":15,"column":0},"end":{"line":15,"column":24}}},"fnMap":{},"branchMap":{},"s":{"0":8,"1":8,"2":8,"3":8,"4":8,"5":8,"6":8,"7":8,"8":8},"f":{},"b":{}}
,"D:\\Pelatihan\\Synrgy Project\\latihan\\Challenge_7\\API\\src\\services\\carService.ts": {"path":"D:\\Pelatihan\\Synrgy Project\\latihan\\Challenge_7\\API\\src\\services\\carService.ts","statementMap":{"0":{"start":{"line":2,"column":0},"end":{"line":2,"column":58}},"1":{"start":{"line":5,"column":1},"end":{"line":5,"column":31}},"2":{"start":{"line":8,"column":2},"end":{"line":8,"column":44}},"3":{"start":{"line":12,"column":2},"end":{"line":12,"column":44}},"4":{"start":{"line":16,"column":2},"end":{"line":16,"column":49}},"5":{"start":{"line":20,"column":2},"end":{"line":20,"column":47}},"6":{"start":{"line":24,"column":2},"end":{"line":24,"column":52}},"7":{"start":{"line":28,"column":2},"end":{"line":28,"column":50}},"8":{"start":{"line":45,"column":2},"end":{"line":58,"column":4}},"9":{"start":{"line":62,"column":2},"end":{"line":62,"column":46}},"10":{"start":{"line":4,"column":21},"end":{"line":4,"column":null}}},"fnMap":{"0":{"name":"(anonymous_10)","decl":{"start":{"line":7,"column":1},"end":{"line":7,"column":null}},"loc":{"start":{"line":7,"column":1},"end":{"line":9,"column":2}}},"1":{"name":"(anonymous_11)","decl":{"start":{"line":11,"column":7},"end":{"line":11,"column":13}},"loc":{"start":{"line":11,"column":13},"end":{"line":13,"column":null}}},"2":{"name":"(anonymous_13)","decl":{"start":{"line":15,"column":7},"end":{"line":15,"column":18}},"loc":{"start":{"line":15,"column":18},"end":{"line":17,"column":null}}},"3":{"name":"(anonymous_15)","decl":{"start":{"line":19,"column":7},"end":{"line":19,"column":14}},"loc":{"start":{"line":19,"column":25},"end":{"line":21,"column":null}}},"4":{"name":"(anonymous_17)","decl":{"start":{"line":23,"column":7},"end":{"line":23,"column":19}},"loc":{"start":{"line":23,"column":30},"end":{"line":25,"column":null}}},"5":{"name":"(anonymous_19)","decl":{"start":{"line":27,"column":7},"end":{"line":27,"column":11}},"loc":{"start":{"line":27,"column":33},"end":{"line":29,"column":null}}},"6":{"name":"(anonymous_21)","decl":{"start":{"line":31,"column":7},"end":{"line":31,"column":10}},"loc":{"start":{"line":43,"column":17},"end":{"line":59,"column":null}}},"7":{"name":"(anonymous_23)","decl":{"start":{"line":61,"column":7},"end":{"line":61,"column":13}},"loc":{"start":{"line":61,"column":24},"end":{"line":63,"column":null}}}},"branchMap":{},"s":{"0":8,"1":9,"2":9,"3":1,"4":1,"5":3,"6":1,"7":1,"8":1,"9":1,"10":8},"f":{"0":9,"1":1,"2":1,"3":3,"4":1,"5":1,"6":1,"7":1},"b":{}}
,"D:\\Pelatihan\\Synrgy Project\\latihan\\Challenge_7\\API\\src\\services\\roleService.ts": {"path":"D:\\Pelatihan\\Synrgy Project\\latihan\\Challenge_7\\API\\src\\services\\roleService.ts","statementMap":{"0":{"start":{"line":1,"column":0},"end":{"line":1,"column":62}},"1":{"start":{"line":3,"column":1},"end":{"line":3,"column":33}},"2":{"start":{"line":6,"column":2},"end":{"line":6,"column":46}},"3":{"start":{"line":10,"column":2},"end":{"line":10,"column":48}},"4":{"start":{"line":2,"column":21},"end":{"line":2,"column":null}}},"fnMap":{"0":{"name":"(anonymous_10)","decl":{"start":{"line":5,"column":1},"end":{"line":5,"column":null}},"loc":{"start":{"line":5,"column":1},"end":{"line":7,"column":2}}},"1":{"name":"(anonymous_11)","decl":{"start":{"line":9,"column":7},"end":{"line":9,"column":14}},"loc":{"start":{"line":9,"column":25},"end":{"line":11,"column":null}}}},"branchMap":{},"s":{"0":8,"1":6,"2":6,"3":6,"4":8},"f":{"0":6,"1":6},"b":{}}
,"D:\\Pelatihan\\Synrgy Project\\latihan\\Challenge_7\\API\\src\\services\\typeService.ts": {"path":"D:\\Pelatihan\\Synrgy Project\\latihan\\Challenge_7\\API\\src\\services\\typeService.ts","statementMap":{"0":{"start":{"line":1,"column":0},"end":{"line":1,"column":60}},"1":{"start":{"line":4,"column":1},"end":{"line":4,"column":33}},"2":{"start":{"line":7,"column":2},"end":{"line":7,"column":46}},"3":{"start":{"line":11,"column":2},"end":{"line":11,"column":45}},"4":{"start":{"line":15,"column":2},"end":{"line":15,"column":48}},"5":{"start":{"line":3,"column":21},"end":{"line":3,"column":null}}},"fnMap":{"0":{"name":"(anonymous_10)","decl":{"start":{"line":6,"column":1},"end":{"line":6,"column":null}},"loc":{"start":{"line":6,"column":1},"end":{"line":8,"column":2}}},"1":{"name":"(anonymous_11)","decl":{"start":{"line":10,"column":7},"end":{"line":10,"column":13}},"loc":{"start":{"line":10,"column":13},"end":{"line":12,"column":null}}},"2":{"name":"(anonymous_13)","decl":{"start":{"line":14,"column":7},"end":{"line":14,"column":14}},"loc":{"start":{"line":14,"column":25},"end":{"line":16,"column":null}}}},"branchMap":{},"s":{"0":8,"1":2,"2":2,"3":2,"4":0,"5":8},"f":{"0":2,"1":2,"2":0},"b":{}}
,"D:\\Pelatihan\\Synrgy Project\\latihan\\Challenge_7\\API\\src\\services\\userCarService.ts": {"path":"D:\\Pelatihan\\Synrgy Project\\latihan\\Challenge_7\\API\\src\\services\\userCarService.ts","statementMap":{"0":{"start":{"line":1,"column":0},"end":{"line":1,"column":66}},"1":{"start":{"line":9,"column":1},"end":{"line":9,"column":39}},"2":{"start":{"line":11,"column":2},"end":{"line":11,"column":52}},"3":{"start":{"line":15,"column":2},"end":{"line":15,"column":51}},"4":{"start":{"line":19,"column":2},"end":{"line":19,"column":50}},"5":{"start":{"line":23,"column":2},"end":{"line":23,"column":51}},"6":{"start":{"line":27,"column":2},"end":{"line":27,"column":53}},"7":{"start":{"line":31,"column":2},"end":{"line":31,"column":48}},"8":{"start":{"line":8,"column":21},"end":{"line":8,"column":null}}},"fnMap":{"0":{"name":"(anonymous_10)","decl":{"start":{"line":10,"column":1},"end":{"line":10,"column":null}},"loc":{"start":{"line":10,"column":1},"end":{"line":12,"column":2}}},"1":{"name":"(anonymous_11)","decl":{"start":{"line":14,"column":7},"end":{"line":14,"column":11}},"loc":{"start":{"line":14,"column":30},"end":{"line":16,"column":null}}},"2":{"name":"(anonymous_13)","decl":{"start":{"line":18,"column":7},"end":{"line":18,"column":10}},"loc":{"start":{"line":18,"column":29},"end":{"line":20,"column":null}}},"3":{"name":"(anonymous_15)","decl":{"start":{"line":22,"column":7},"end":{"line":22,"column":14}},"loc":{"start":{"line":22,"column":25},"end":{"line":24,"column":null}}},"4":{"name":"(anonymous_17)","decl":{"start":{"line":26,"column":7},"end":{"line":26,"column":13}},"loc":{"start":{"line":26,"column":32},"end":{"line":28,"column":null}}},"5":{"name":"(anonymous_19)","decl":{"start":{"line":30,"column":7},"end":{"line":30,"column":13}},"loc":{"start":{"line":30,"column":13},"end":{"line":32,"column":null}}}},"branchMap":{},"s":{"0":8,"1":6,"2":6,"3":1,"4":1,"5":2,"6":1,"7":1,"8":8},"f":{"0":6,"1":1,"2":1,"3":2,"4":1,"5":1},"b":{}}
,"D:\\Pelatihan\\Synrgy Project\\latihan\\Challenge_7\\API\\src\\services\\userRoleService.ts": {"path":"D:\\Pelatihan\\Synrgy Project\\latihan\\Challenge_7\\API\\src\\services\\userRoleService.ts","statementMap":{"0":{"start":{"line":1,"column":0},"end":{"line":1,"column":68}},"1":{"start":{"line":4,"column":1},"end":{"line":4,"column":41}},"2":{"start":{"line":7,"column":2},"end":{"line":7,"column":54}},"3":{"start":{"line":12,"column":2},"end":{"line":12,"column":53}},"4":{"start":{"line":17,"column":2},"end":{"line":17,"column":62}},"5":{"start":{"line":22,"column":2},"end":{"line":22,"column":58}},"6":{"start":{"line":3,"column":21},"end":{"line":3,"column":null}}},"fnMap":{"0":{"name":"(anonymous_10)","decl":{"start":{"line":6,"column":1},"end":{"line":6,"column":null}},"loc":{"start":{"line":6,"column":1},"end":{"line":8,"column":2}}},"1":{"name":"(anonymous_11)","decl":{"start":{"line":11,"column":7},"end":{"line":11,"column":11}},"loc":{"start":{"line":11,"column":26},"end":{"line":13,"column":null}}},"2":{"name":"(anonymous_13)","decl":{"start":{"line":16,"column":7},"end":{"line":16,"column":20}},"loc":{"start":{"line":16,"column":35},"end":{"line":18,"column":null}}},"3":{"name":"(anonymous_15)","decl":{"start":{"line":21,"column":7},"end":{"line":21,"column":14}},"loc":{"start":{"line":21,"column":29},"end":{"line":23,"column":null}}}},"branchMap":{},"s":{"0":8,"1":8,"2":8,"3":1,"4":1,"5":6,"6":8},"f":{"0":8,"1":1,"2":1,"3":6},"b":{}}
,"D:\\Pelatihan\\Synrgy Project\\latihan\\Challenge_7\\API\\src\\services\\userService.ts": {"path":"D:\\Pelatihan\\Synrgy Project\\latihan\\Challenge_7\\API\\src\\services\\userService.ts","statementMap":{"0":{"start":{"line":1,"column":0},"end":{"line":1,"column":60}},"1":{"start":{"line":9,"column":1},"end":{"line":9,"column":33}},"2":{"start":{"line":12,"column":2},"end":{"line":12,"column":46}},"3":{"start":{"line":17,"column":2},"end":{"line":17,"column":48}},"4":{"start":{"line":22,"column":2},"end":{"line":22,"column":45}},"5":{"start":{"line":27,"column":2},"end":{"line":27,"column":48}},"6":{"start":{"line":32,"column":16},"end":{"line":32,"column":33}},"7":{"start":{"line":33,"column":2},"end":{"line":33,"column":54}},"8":{"start":{"line":8,"column":21},"end":{"line":8,"column":null}}},"fnMap":{"0":{"name":"(anonymous_10)","decl":{"start":{"line":11,"column":1},"end":{"line":11,"column":null}},"loc":{"start":{"line":11,"column":1},"end":{"line":13,"column":2}}},"1":{"name":"(anonymous_11)","decl":{"start":{"line":16,"column":7},"end":{"line":16,"column":11}},"loc":{"start":{"line":16,"column":26},"end":{"line":18,"column":null}}},"2":{"name":"(anonymous_13)","decl":{"start":{"line":21,"column":7},"end":{"line":21,"column":13}},"loc":{"start":{"line":21,"column":13},"end":{"line":23,"column":null}}},"3":{"name":"(anonymous_15)","decl":{"start":{"line":26,"column":7},"end":{"line":26,"column":14}},"loc":{"start":{"line":26,"column":25},"end":{"line":28,"column":null}}},"4":{"name":"(anonymous_17)","decl":{"start":{"line":31,"column":7},"end":{"line":31,"column":17}},"loc":{"start":{"line":31,"column":32},"end":{"line":34,"column":null}}}},"branchMap":{"0":{"loc":{"start":{"line":32,"column":16},"end":{"line":32,"column":33}},"type":"binary-expr","locations":[{"start":{"line":32,"column":16},"end":{"line":32,"column":27}},{"start":{"line":32,"column":31},"end":{"line":32,"column":33}}]}},"s":{"0":8,"1":22,"2":22,"3":1,"4":1,"5":10,"6":10,"7":10,"8":8},"f":{"0":22,"1":1,"2":1,"3":10,"4":10},"b":{"0":[10,0]}}
,"D:\\Pelatihan\\Synrgy Project\\latihan\\Challenge_7\\API\\src\\utilities\\checkPassword.ts": {"path":"D:\\Pelatihan\\Synrgy Project\\latihan\\Challenge_7\\API\\src\\utilities\\checkPassword.ts","statementMap":{"0":{"start":{"line":2,"column":15},"end":{"line":2,"column":34}},"1":{"start":{"line":5,"column":1},"end":{"line":17,"column":4}},"2":{"start":{"line":6,"column":2},"end":{"line":16,"column":4}},"3":{"start":{"line":10,"column":4},"end":{"line":13,"column":null}},"4":{"start":{"line":11,"column":5},"end":{"line":11,"column":17}},"5":{"start":{"line":12,"column":5},"end":{"line":12,"column":12}},"6":{"start":{"line":14,"column":4},"end":{"line":14,"column":27}},"7":{"start":{"line":20,"column":0},"end":{"line":20,"column":31}}},"fnMap":{"0":{"name":"checkPassword","decl":{"start":{"line":4,"column":9},"end":{"line":4,"column":22}},"loc":{"start":{"line":4,"column":58},"end":{"line":18,"column":1}}},"1":{"name":"(anonymous_1)","decl":{"start":{"line":5,"column":20},"end":{"line":5,"column":21}},"loc":{"start":{"line":5,"column":40},"end":{"line":17,"column":2}}},"2":{"name":"(anonymous_2)","decl":{"start":{"line":9,"column":3},"end":{"line":9,"column":4}},"loc":{"start":{"line":9,"column":42},"end":{"line":15,"column":4}}}},"branchMap":{"0":{"loc":{"start":{"line":10,"column":4},"end":{"line":13,"column":null}},"type":"if","locations":[{"start":{"line":10,"column":4},"end":{"line":13,"column":null}}]}},"s":{"0":8,"1":7,"2":7,"3":7,"4":0,"5":0,"6":7,"7":8},"f":{"0":7,"1":7,"2":7},"b":{"0":[0]}}
,"D:\\Pelatihan\\Synrgy Project\\latihan\\Challenge_7\\API\\src\\utilities\\encryptPassword.ts": {"path":"D:\\Pelatihan\\Synrgy Project\\latihan\\Challenge_7\\API\\src\\utilities\\encryptPassword.ts","statementMap":{"0":{"start":{"line":2,"column":16},"end":{"line":2,"column":35}},"1":{"start":{"line":3,"column":14},"end":{"line":3,"column":16}},"2":{"start":{"line":6,"column":1},"end":{"line":14,"column":4}},"3":{"start":{"line":7,"column":2},"end":{"line":13,"column":5}},"4":{"start":{"line":8,"column":3},"end":{"line":11,"column":null}},"5":{"start":{"line":9,"column":4},"end":{"line":9,"column":16}},"6":{"start":{"line":10,"column":4},"end":{"line":10,"column":11}},"7":{"start":{"line":12,"column":3},"end":{"line":12,"column":26}},"8":{"start":{"line":17,"column":0},"end":{"line":17,"column":33}}},"fnMap":{"0":{"name":"encryptPassword","decl":{"start":{"line":5,"column":9},"end":{"line":5,"column":24}},"loc":{"start":{"line":5,"column":37},"end":{"line":15,"column":1}}},"1":{"name":"(anonymous_1)","decl":{"start":{"line":6,"column":20},"end":{"line":6,"column":21}},"loc":{"start":{"line":6,"column":40},"end":{"line":14,"column":2}}},"2":{"name":"(anonymous_2)","decl":{"start":{"line":7,"column":28},"end":{"line":7,"column":29}},"loc":{"start":{"line":7,"column":66},"end":{"line":13,"column":3}}}},"branchMap":{"0":{"loc":{"start":{"line":8,"column":3},"end":{"line":11,"column":null}},"type":"if","locations":[{"start":{"line":8,"column":3},"end":{"line":11,"column":null}}]}},"s":{"0":8,"1":8,"2":2,"3":2,"4":2,"5":0,"6":0,"7":2,"8":8},"f":{"0":2,"1":2,"2":2},"b":{"0":[0]}}
}
