TN:
SF:app.ts
FNF:0
FNH:0
DA:1,8
DA:2,8
DA:3,8
DA:5,8
DA:6,8
DA:7,8
DA:9,8
DA:10,8
DA:11,8
DA:12,8
DA:14,8
DA:15,8
DA:25,8
DA:27,8
DA:30,8
DA:31,8
DA:32,8
DA:35,8
DA:40,8
DA:41,8
DA:42,8
DA:43,8
DA:55,8
LF:23
LH:23
BRF:0
BRH:0
end_of_record
TN:
SF:src\controllers\authenticationController.ts
FN:19,(anonymous_8)
FN:23,(anonymous_9)
FN:23,(anonymous_10)
FN:67,(anonymous_11)
FN:67,(anonymous_12)
FNF:5
FNH:5
FNDA:6,(anonymous_8)
FNDA:8,(anonymous_9)
FNDA:8,(anonymous_10)
FNDA:2,(anonymous_11)
FNDA:2,(anonymous_12)
DA:3,8
DA:4,8
DA:5,8
DA:6,8
DA:8,8
DA:9,8
DA:10,8
DA:19,8
DA:20,6
DA:23,8
DA:24,8
DA:25,8
DA:28,8
DA:29,8
DA:30,1
DA:36,7
DA:37,7
DA:38,1
DA:43,6
DA:45,6
DA:51,6
DA:53,6
DA:54,6
DA:55,6
DA:61,0
DA:67,8
DA:68,2
DA:69,2
DA:70,2
DA:73,2
DA:74,2
DA:75,1
DA:81,1
DA:82,1
DA:86,1
DA:88,1
DA:89,1
DA:90,1
DA:91,1
DA:96,0
DA:99,0
DA:103,8
LF:42
LH:39
BRDA:20,0,0,6
BRDA:20,0,1,6
BRDA:25,1,0,8
BRDA:25,1,1,0
BRDA:29,2,0,1
BRDA:37,3,0,1
BRDA:53,4,0,6
BRDA:69,5,0,2
BRDA:69,5,1,0
BRDA:74,6,0,1
BRDA:90,7,0,1
BRF:11
BRH:9
end_of_record
TN:
SF:src\controllers\carController.ts
FN:10,(anonymous_8)
FN:10,(anonymous_9)
FN:21,(anonymous_10)
FN:21,(anonymous_11)
FN:32,(anonymous_12)
FN:32,(anonymous_13)
FN:46,(anonymous_14)
FN:46,(anonymous_15)
FN:62,(anonymous_16)
FN:62,(anonymous_17)
FN:68,(anonymous_18)
FN:68,(anonymous_19)
FN:92,(anonymous_20)
FN:92,(anonymous_21)
FN:159,(anonymous_22)
FN:159,(anonymous_23)
FNF:16
FNH:14
FNDA:1,(anonymous_8)
FNDA:1,(anonymous_9)
FNDA:1,(anonymous_10)
FNDA:1,(anonymous_11)
FNDA:1,(anonymous_12)
FNDA:1,(anonymous_13)
FNDA:1,(anonymous_14)
FNDA:1,(anonymous_15)
FNDA:0,(anonymous_16)
FNDA:0,(anonymous_17)
FNDA:1,(anonymous_18)
FNDA:1,(anonymous_19)
FNDA:1,(anonymous_20)
FNDA:1,(anonymous_21)
FNDA:1,(anonymous_22)
FNDA:1,(anonymous_23)
DA:3,8
DA:4,8
DA:5,8
DA:6,8
DA:7,8
DA:10,8
DA:11,1
DA:12,1
DA:13,1
DA:14,1
DA:15,1
DA:17,0
DA:21,8
DA:22,1
DA:23,1
DA:24,1
DA:26,0
DA:27,0
DA:32,8
DA:33,1
DA:35,1
DA:36,1
DA:37,1
DA:38,1
DA:39,1
DA:42,0
DA:46,8
DA:47,1
DA:48,1
DA:49,1
DA:50,1
DA:51,1
DA:52,1
DA:53,1
DA:55,0
DA:58,0
DA:62,8
DA:63,0
DA:64,0
DA:68,8
DA:69,1
DA:70,1
DA:71,1
DA:72,1
DA:73,1
DA:76,1
DA:77,1
DA:78,1
DA:79,1
DA:80,1
DA:81,1
DA:82,1
DA:83,1
DA:88,0
DA:92,8
DA:93,1
DA:94,1
DA:95,1
DA:97,1
DA:98,1
DA:101,1
DA:102,1
DA:104,1
DA:105,1
DA:106,1
DA:107,1
DA:108,1
DA:109,1
DA:110,1
DA:111,1
DA:112,1
DA:113,1
DA:114,1
DA:117,1
DA:118,1
DA:119,1
DA:120,1
DA:121,1
DA:122,1
DA:123,1
DA:124,1
DA:125,1
DA:126,1
DA:129,1
DA:130,1
DA:133,1
DA:134,1
DA:148,1
DA:149,1
DA:150,1
DA:155,0
DA:159,8
DA:160,1
DA:161,1
DA:163,1
DA:164,1
DA:166,1
DA:167,1
DA:168,1
DA:169,1
DA:170,1
DA:171,1
DA:175,0
DA:179,8
LF:104
LH:93
BRDA:37,0,0,1
BRDA:51,1,0,1
BRDA:51,1,1,0
BRDA:63,2,0,0
BRDA:63,2,1,0
BRDA:76,3,0,1
BRDA:76,3,1,1
BRDA:82,4,0,1
BRDA:117,5,0,1
BRDA:118,6,0,1
BRDA:119,7,0,1
BRDA:120,8,0,1
BRDA:121,9,0,1
BRDA:122,10,0,1
BRDA:123,11,0,1
BRDA:124,12,0,1
BRDA:125,13,0,1
BRDA:126,14,0,1
BRDA:130,15,0,0
BRDA:149,16,0,1
BRDA:149,17,0,1
BRDA:149,17,1,1
BRDA:170,18,0,1
BRDA:170,19,0,1
BRDA:170,19,1,1
BRF:25
BRH:21
end_of_record
TN:
SF:src\controllers\typeController.ts
FN:4,(anonymous_8)
FN:4,(anonymous_9)
FNF:2
FNH:2
FNDA:1,(anonymous_8)
FNDA:1,(anonymous_9)
DA:2,8
DA:4,8
DA:5,1
DA:6,1
DA:7,1
DA:8,1
DA:10,0
DA:14,8
LF:8
LH:7
BRF:0
BRH:0
end_of_record
TN:
SF:src\controllers\userController.ts
FN:6,(anonymous_8)
FN:6,(anonymous_9)
FN:16,(anonymous_10)
FN:16,(anonymous_11)
FN:30,(anonymous_12)
FN:30,(anonymous_13)
FNF:6
FNH:6
FNDA:1,(anonymous_8)
FNDA:1,(anonymous_9)
FNDA:1,(anonymous_10)
FNDA:1,(anonymous_11)
FNDA:1,(anonymous_12)
FNDA:1,(anonymous_13)
DA:2,8
DA:3,8
DA:6,8
DA:7,1
DA:8,1
DA:9,1
DA:11,0
DA:16,8
DA:17,1
DA:18,1
DA:19,1
DA:20,1
DA:21,1
DA:22,1
DA:24,0
DA:30,8
DA:31,1
DA:32,1
DA:33,1
DA:34,1
DA:36,0
DA:40,8
LF:22
LH:19
BRDA:20,0,0,1
BRF:1
BRH:1
end_of_record
TN:
SF:src\middleware\authorize.ts
FN:5,(anonymous_8)
FN:5,(anonymous_9)
FNF:2
FNH:2
FNDA:8,(anonymous_8)
FNDA:8,(anonymous_9)
DA:2,8
DA:3,8
DA:5,8
DA:6,8
DA:7,8
DA:8,8
DA:9,8
DA:14,8
DA:15,8
DA:16,8
DA:18,0
DA:23,0
DA:29,8
LF:13
LH:11
BRDA:8,0,0,8
BRDA:8,0,1,0
BRDA:8,1,0,0
BRDA:8,1,1,8
BRDA:8,2,0,8
BRDA:8,2,1,8
BRDA:8,3,0,0
BRDA:8,3,1,8
BRDA:8,4,0,8
BRDA:8,4,1,8
BRDA:11,5,0,8
BRDA:11,5,1,8
BRDA:14,6,0,8
BRDA:14,6,1,0
BRF:14
BRH:10
end_of_record
TN:
SF:src\middleware\getRole.ts
FN:3,(anonymous_8)
FN:3,(anonymous_9)
FNF:2
FNH:2
FNDA:6,(anonymous_8)
FNDA:6,(anonymous_9)
DA:1,8
DA:3,8
DA:4,6
DA:7,8
LF:4
LH:4
BRF:0
BRH:0
end_of_record
TN:
SF:src\middleware\isAdmin.ts
FN:3,(anonymous_7)
FN:3,(anonymous_8)
FNF:2
FNH:2
FNDA:3,(anonymous_7)
FNDA:3,(anonymous_8)
DA:3,8
DA:4,3
DA:5,3
DA:6,3
DA:7,3
DA:9,0
DA:16,8
LF:7
LH:6
BRDA:4,0,0,3
BRDA:6,1,0,3
BRDA:6,1,1,0
BRDA:6,2,0,3
BRDA:6,2,1,0
BRF:5
BRH:3
end_of_record
TN:
SF:src\middleware\isSuper.ts
FN:3,(anonymous_7)
FN:3,(anonymous_8)
FNF:2
FNH:2
FNDA:4,(anonymous_7)
FNDA:4,(anonymous_8)
DA:3,8
DA:4,4
DA:5,4
DA:6,4
DA:7,4
DA:9,0
DA:16,8
LF:7
LH:6
BRDA:4,0,0,4
BRDA:6,1,0,4
BRDA:6,1,1,0
BRF:3
BRH:2
end_of_record
TN:
SF:src\middleware\upload.ts
FNF:0
FNH:0
DA:1,8
DA:3,8
DA:5,8
LF:3
LH:3
BRF:0
BRH:0
end_of_record
TN:
SF:src\middleware\uploadOnline.ts
FN:12,(anonymous_8)
FNF:1
FNH:1
FNDA:2,(anonymous_8)
DA:2,8
DA:4,8
DA:11,8
DA:13,2
DA:14,2
DA:16,0
DA:17,0
DA:19,0
DA:20,0
DA:21,0
LF:10
LH:5
BRDA:13,0,0,2
BRF:1
BRH:1
end_of_record
TN:
SF:src\models\cars.ts
FN:18,(anonymous_0)
FNF:1
FNH:1
FNDA:27,(anonymous_0)
DA:1,8
DA:3,8
DA:19,27
LF:3
LH:3
BRF:0
BRH:0
end_of_record
TN:
SF:src\models\roles.ts
FN:7,(anonymous_0)
FNF:1
FNH:1
FNDA:30,(anonymous_0)
DA:1,8
DA:3,8
DA:8,30
LF:3
LH:3
BRF:0
BRH:0
end_of_record
TN:
SF:src\models\types.ts
FN:7,(anonymous_0)
FNF:1
FNH:1
FNDA:6,(anonymous_0)
DA:1,8
DA:3,8
DA:8,6
LF:3
LH:3
BRF:0
BRH:0
end_of_record
TN:
SF:src\models\userCar.ts
FN:12,(anonymous_0)
FNF:1
FNH:1
FNDA:18,(anonymous_0)
DA:1,8
DA:3,8
DA:13,18
LF:3
LH:3
BRF:0
BRH:0
end_of_record
TN:
SF:src\models\userRole.ts
FN:7,(anonymous_0)
FNF:1
FNH:1
FNDA:24,(anonymous_0)
DA:1,8
DA:3,8
DA:8,24
LF:3
LH:3
BRF:0
BRH:0
end_of_record
TN:
SF:src\models\users.ts
FN:8,(anonymous_0)
FNF:1
FNH:1
FNDA:55,(anonymous_0)
DA:1,8
DA:3,8
DA:9,55
LF:3
LH:3
BRF:0
BRH:0
end_of_record
TN:
SF:src\repositories\carRepository.ts
FN:5,(anonymous_7)
FN:9,(anonymous_9)
FN:13,(anonymous_11)
FN:20,(anonymous_13)
FN:24,(anonymous_15)
FN:56,(anonymous_17)
FN:85,(anonymous_19)
FNF:7
FNH:7
FNDA:1,(anonymous_7)
FNDA:1,(anonymous_9)
FNDA:3,(anonymous_11)
FNDA:1,(anonymous_13)
FNDA:1,(anonymous_15)
FNDA:1,(anonymous_17)
FNDA:1,(anonymous_19)
DA:2,8
DA:4,8
DA:6,1
DA:10,1
DA:14,3
DA:21,1
DA:25,1
DA:26,1
DA:27,1
DA:28,1
DA:29,1
DA:30,1
DA:31,1
DA:32,1
DA:33,1
DA:34,1
DA:35,1
DA:36,1
DA:37,1
DA:39,1
DA:70,1
DA:86,1
LF:22
LH:22
BRF:0
BRH:0
end_of_record
TN:
SF:src\repositories\roleRepository.ts
FN:4,(anonymous_7)
FNF:1
FNH:1
FNDA:6,(anonymous_7)
DA:1,8
DA:3,8
DA:5,6
LF:3
LH:3
BRF:0
BRH:0
end_of_record
TN:
SF:src\repositories\typeRepository.ts
FN:4,(anonymous_7)
FN:8,(anonymous_9)
FNF:2
FNH:1
FNDA:2,(anonymous_7)
FNDA:0,(anonymous_9)
DA:1,8
DA:3,8
DA:5,2
DA:9,0
LF:4
LH:3
BRDA:5,0,0,2
BRDA:5,0,1,0
BRF:2
BRH:1
end_of_record
TN:
SF:src\repositories\userCarRepository.ts
FN:8,(anonymous_7)
FN:12,(anonymous_9)
FN:16,(anonymous_11)
FN:27,(anonymous_13)
FN:37,(anonymous_15)
FNF:5
FNH:5
FNDA:1,(anonymous_7)
FNDA:2,(anonymous_9)
FNDA:1,(anonymous_11)
FNDA:1,(anonymous_13)
FNDA:1,(anonymous_15)
DA:1,8
DA:7,8
DA:9,1
DA:13,2
DA:17,1
DA:18,1
DA:19,1
DA:20,1
DA:28,1
DA:29,1
DA:30,1
DA:31,1
DA:38,1
DA:39,1
DA:40,1
DA:41,1
LF:16
LH:16
BRF:0
BRH:0
end_of_record
TN:
SF:src\repositories\userRepository.ts
FN:10,(anonymous_7)
FN:18,(anonymous_9)
FN:26,(anonymous_11)
FN:31,(anonymous_13)
FNF:4
FNH:4
FNDA:1,(anonymous_7)
FNDA:10,(anonymous_9)
FNDA:10,(anonymous_11)
FNDA:1,(anonymous_13)
DA:1,8
DA:8,8
DA:11,1
DA:19,10
DA:27,10
DA:32,1
DA:33,1
DA:35,1
LF:8
LH:8
BRF:0
BRH:0
end_of_record
TN:
SF:src\repositories\userRoleRepository.ts
FN:5,(anonymous_7)
FN:15,(anonymous_9)
FN:22,(anonymous_11)
FNF:3
FNH:3
FNDA:1,(anonymous_7)
FNDA:1,(anonymous_9)
FNDA:6,(anonymous_11)
DA:1,8
DA:3,8
DA:6,1
DA:8,1
DA:16,1
DA:23,6
LF:6
LH:6
BRF:0
BRH:0
end_of_record
TN:
SF:src\routes\authenticationRouter.ts
FNF:0
FNH:0
DA:2,8
DA:3,8
DA:4,8
DA:6,8
DA:7,8
DA:9,8
LF:6
LH:6
BRF:0
BRH:0
end_of_record
TN:
SF:src\routes\carRouter.ts
FNF:0
FNH:0
DA:2,8
DA:3,8
DA:4,8
DA:5,8
DA:6,8
DA:7,8
DA:8,8
DA:11,8
DA:12,8
DA:13,8
DA:14,8
DA:21,8
DA:22,8
DA:31,8
DA:40,8
DA:42,8
LF:16
LH:16
BRF:0
BRH:0
end_of_record
TN:
SF:src\routes\typeRouter.ts
FNF:0
FNH:0
DA:2,8
DA:3,8
DA:4,8
DA:6,8
DA:8,8
LF:5
LH:5
BRF:0
BRH:0
end_of_record
TN:
SF:src\routes\userRouter.ts
FNF:0
FNH:0
DA:2,8
DA:3,8
DA:4,8
DA:6,8
DA:7,8
DA:10,8
DA:11,8
DA:14,8
DA:15,8
LF:9
LH:9
BRF:0
BRH:0
end_of_record
TN:
SF:src\services\carService.ts
FN:7,(anonymous_10)
FN:11,(anonymous_11)
FN:15,(anonymous_13)
FN:19,(anonymous_15)
FN:23,(anonymous_17)
FN:27,(anonymous_19)
FN:31,(anonymous_21)
FN:61,(anonymous_23)
FNF:8
FNH:8
FNDA:9,(anonymous_10)
FNDA:1,(anonymous_11)
FNDA:1,(anonymous_13)
FNDA:3,(anonymous_15)
FNDA:1,(anonymous_17)
FNDA:1,(anonymous_19)
FNDA:1,(anonymous_21)
FNDA:1,(anonymous_23)
DA:2,8
DA:4,8
DA:5,9
DA:8,9
DA:12,1
DA:16,1
DA:20,3
DA:24,1
DA:28,1
DA:45,1
DA:62,1
LF:11
LH:11
BRF:0
BRH:0
end_of_record
TN:
SF:src\services\roleService.ts
FN:5,(anonymous_10)
FN:9,(anonymous_11)
FNF:2
FNH:2
FNDA:6,(anonymous_10)
FNDA:6,(anonymous_11)
DA:1,8
DA:2,8
DA:3,6
DA:6,6
DA:10,6
LF:5
LH:5
BRF:0
BRH:0
end_of_record
TN:
SF:src\services\typeService.ts
FN:6,(anonymous_10)
FN:10,(anonymous_11)
FN:14,(anonymous_13)
FNF:3
FNH:2
FNDA:2,(anonymous_10)
FNDA:2,(anonymous_11)
FNDA:0,(anonymous_13)
DA:1,8
DA:3,8
DA:4,2
DA:7,2
DA:11,2
DA:15,0
LF:6
LH:5
BRF:0
BRH:0
end_of_record
TN:
SF:src\services\userCarService.ts
FN:10,(anonymous_10)
FN:14,(anonymous_11)
FN:18,(anonymous_13)
FN:22,(anonymous_15)
FN:26,(anonymous_17)
FN:30,(anonymous_19)
FNF:6
FNH:6
FNDA:6,(anonymous_10)
FNDA:1,(anonymous_11)
FNDA:1,(anonymous_13)
FNDA:2,(anonymous_15)
FNDA:1,(anonymous_17)
FNDA:1,(anonymous_19)
DA:1,8
DA:8,8
DA:9,6
DA:11,6
DA:15,1
DA:19,1
DA:23,2
DA:27,1
DA:31,1
LF:9
LH:9
BRF:0
BRH:0
end_of_record
TN:
SF:src\services\userRoleService.ts
FN:6,(anonymous_10)
FN:11,(anonymous_11)
FN:16,(anonymous_13)
FN:21,(anonymous_15)
FNF:4
FNH:4
FNDA:8,(anonymous_10)
FNDA:1,(anonymous_11)
FNDA:1,(anonymous_13)
FNDA:6,(anonymous_15)
DA:1,8
DA:3,8
DA:4,8
DA:7,8
DA:12,1
DA:17,1
DA:22,6
LF:7
LH:7
BRF:0
BRH:0
end_of_record
TN:
SF:src\services\userService.ts
FN:11,(anonymous_10)
FN:16,(anonymous_11)
FN:21,(anonymous_13)
FN:26,(anonymous_15)
FN:31,(anonymous_17)
FNF:5
FNH:5
FNDA:22,(anonymous_10)
FNDA:1,(anonymous_11)
FNDA:1,(anonymous_13)
FNDA:10,(anonymous_15)
FNDA:10,(anonymous_17)
DA:1,8
DA:8,8
DA:9,22
DA:12,22
DA:17,1
DA:22,1
DA:27,10
DA:32,10
DA:33,10
LF:9
LH:9
BRDA:32,0,0,10
BRDA:32,0,1,0
BRF:2
BRH:1
end_of_record
TN:
SF:src\utilities\checkPassword.ts
FN:4,checkPassword
FN:5,(anonymous_1)
FN:9,(anonymous_2)
FNF:3
FNH:3
FNDA:7,checkPassword
FNDA:7,(anonymous_1)
FNDA:7,(anonymous_2)
DA:2,8
DA:5,7
DA:6,7
DA:10,7
DA:11,0
DA:12,0
DA:14,7
DA:20,8
LF:8
LH:6
BRDA:10,0,0,0
BRF:1
BRH:0
end_of_record
TN:
SF:src\utilities\encryptPassword.ts
FN:5,encryptPassword
FN:6,(anonymous_1)
FN:7,(anonymous_2)
FNF:3
FNH:3
FNDA:2,encryptPassword
FNDA:2,(anonymous_1)
FNDA:2,(anonymous_2)
DA:2,8
DA:3,8
DA:6,2
DA:7,2
DA:8,2
DA:9,0
DA:10,0
DA:12,2
DA:17,8
LF:9
LH:7
BRDA:8,0,0,0
BRF:1
BRH:0
end_of_record
